#
# A fatal error has been detected by the Java Runtime Environment:
#
#  SIGSEGV (0xb) at pc=0x00007f853d069a7a, pid=30661, tid=0x00007f852ad56700
#
# JRE version: Java(TM) SE Runtime Environment (8.0_131-b11) (build 1.8.0_131-b11)
# Java VM: Java HotSpot(TM) 64-Bit Server VM (25.131-b11 mixed mode linux-amd64 compressed oops)
# Problematic frame:
# v  ~BufferBlob::jni_fast_GetLongField
#
# Core dump written. Default location: /home/joao/Documents/tcc/SoftwareDevelopment/core or core.30661
#
# If you would like to submit a bug report, please visit:
#   http://bugreport.java.com/bugreport/crash.jsp
# The crash happened outside the Java Virtual Machine in native code.
# See problematic frame for where to report the bug.
#

---------------  T H R E A D  ---------------

Current thread (0x00007f84ec0aa000):  JavaThread "AWT-XAWT" daemon [_thread_in_native, id=30715, stack(0x00007f852ab56000,0x00007f852ad57000)]

siginfo: si_signo: 11 (SIGSEGV), si_code: 1 (SEGV_MAPERR), si_addr: 0x0000000000000000

Registers:
RAX=0x00007f855c9b3240, RBX=0x00007f84ec0aa1f8, RCX=0x00007f855d41b2c0, RDX=0x0000000000000042
RSP=0x00007f852ad55538, RBP=0x00007f852ad55560, RSI=0x0000000000000000, RDI=0x00007f84ec0aa1f8
R8 =0x00000000c00a4318, R9 =0x0000000000000000, R10=0x000000000000088e, R11=0x00007f853de11418
R12=0x00007f84d8599d20, R13=0x0000000000000000, R14=0x00007f85383d37e0, R15=0x00007f84ec0aa000
RIP=0x00007f853d069a7a, EFLAGS=0x0000000000010246, CSGSFS=0x0000000000000033, ERR=0x0000000000000004
  TRAPNO=0x000000000000000e

Top of Stack: (sp=0x00007f852ad55538)
0x00007f852ad55538:   00007f85381b1ee1 00007f855171f5a0
0x00007f852ad55548:   00007f84d8599d20 00007f852ad55610
0x00007f852ad55558:   00007f852ad555e0 0000000000000000
0x00007f852ad55568:   00007f855b1e83c0 00007f855171f5a0
0x00007f852ad55578:   00007f852ad555a0 0000000000000000
0x00007f852ad55588:   00007f855b1dff93 00007f852ad55610
0x00007f852ad55598:   00007f85381ab11f 00007f852ad555f0
0x00007f852ad555a8:   00007f853de114b6 0000000000000000
0x00007f852ad555b8:   00007f853da11176 00007f852ad55610
0x00007f852ad555c8:   00007f853d16ef6c 00007f852ad55670
0x00007f852ad555d8:   00000000c00a40a0 00000000c0163830
0x00007f852ad555e8:   0000000000000001 00007f852ad55670
0x00007f852ad555f8:   00007f853d007a90 00007f852ad55670
0x00007f852ad55608:   00007f853d007a90 0000000000000000
0x00007f852ad55618:   00007f853d007dd0 00007f84e8000e30
0x00007f852ad55628:   00000000c00a3350 00007f852ad55630
0x00007f852ad55638:   00007f852afee70c 00007f852ad556b8
0x00007f852ad55648:   00007f852aff8428 0000000000000000
0x00007f852ad55658:   00007f852afee848 00007f852ad55610
0x00007f852ad55668:   00007f852ad556b0 00007f852ad55700
0x00007f852ad55678:   00007f853d0082bd 0000000000000000
0x00007f852ad55688:   0000000000000000 0000000000000000
0x00007f852ad55698:   0000000000000000 0000000000000000
0x00007f852ad556a8:   00000000c00a3350 0000000000000000
0x00007f852ad556b8:   00000000c0622c38 00007f852ad556c0
0x00007f852ad556c8:   00007f852afee54d 00007f852ad55710
0x00007f852ad556d8:   00007f852aff8428 0000000000000000
0x00007f852ad556e8:   00007f852afee558 00007f852ad556b0
0x00007f852ad556f8:   00007f852ad55710 00007f852ad55758
0x00007f852ad55708:   00007f853d008302 00000000c0622c38
0x00007f852ad55718:   00007f852ad55718 00007f855102899b
0x00007f852ad55728:   00007f852ad55768 00007f85510b0080 

Instructions: (pc=0x00007f853d069a7a)
0x00007f853d069a5a:   00 00 00 00 00 00 44 8b 15 61 92 98 1f 4c 8b ce
0x00007f853d069a6a:   41 f6 c2 01 0f 85 2e 00 00 00 4d 33 ca 4d 33 ca
0x00007f853d069a7a:   4d 8b 09 4c 8b da 49 c1 eb 02 4b 8b 04 19 49 bb
0x00007f853d069a8a:   c8 2c 9f 5c 85 7f 00 00 4c 33 d8 4c 33 d8 45 3b 

Register to memory mapping:

RAX=0x00007f855c9b3240: <offset 0xf87240> in /usr/lib/jvm/java-8-oracle/jre/lib/amd64/server/libjvm.so at 0x00007f855ba2c000
RBX=0x00007f84ec0aa1f8 is an unknown value
RCX=0x00007f855d41b2c0: <offset 0x2182c0> in /lib/x86_64-linux-gnu/libpthread.so.0 at 0x00007f855d203000
RDX=0x0000000000000042 is an unknown value
RSP=0x00007f852ad55538 is pointing into the stack for thread: 0x00007f84ec0aa000
RBP=0x00007f852ad55560 is pointing into the stack for thread: 0x00007f84ec0aa000
RSI=0x0000000000000000 is an unknown value
RDI=0x00007f84ec0aa1f8 is an unknown value
R8 =0x00000000c00a4318 is an oop
java.util.logging.Logger 
 - klass: 'java/util/logging/Logger'
R9 =0x0000000000000000 is an unknown value
R10=0x000000000000088e is an unknown value
R11=0x00007f853de11418 is at entry_point+24 in (nmethod*)0x00007f853de11290
R12=0x00007f84d8599d20 is an unknown value
R13=0x0000000000000000 is an unknown value
R14=0x00007f85383d37e0: <offset 0x2587e0> in /usr/lib/jvm/java-8-oracle/jre/lib/amd64/libawt_xawt.so at 0x00007f853817b000
R15=0x00007f84ec0aa000 is a thread


Stack: [0x00007f852ab56000,0x00007f852ad57000],  sp=0x00007f852ad55538,  free space=2045k
Native frames: (J=compiled Java code, j=interpreted, Vv=VM code, C=native code)
v  ~BufferBlob::jni_fast_GetLongField
C  [libX11.so.6+0x643c0]  _XimServerDestroy+0x70

Java frames: (J=compiled Java code, j=interpreted, Vv=VM code)
J 5980  sun.awt.X11.XlibWrapper.XFilterEvent(JJ)Z (0 bytes) @ 0x00007f853de11444 [0x00007f853de11400+0x44]
j  sun.awt.X11.XToolkit.run(Z)V+300
j  sun.awt.X11.XToolkit.run()V+5
j  java.lang.Thread.run()V+11
v  ~StubRoutines::call_stub

---------------  P R O C E S S  ---------------

Java Threads: ( => current thread )
  0x00007f84d8845000 JavaThread "System Bundle Shutdown" [_thread_blocked, id=30782, stack(0x00007f84b4d64000,0x00007f84b4f65000)]
  0x00007f854c00c800 JavaThread "DestroyJavaVM" [_thread_blocked, id=30667, stack(0x00007f8559a61000,0x00007f8559c62000)]
  0x00007f84ec633800 JavaThread "TimerQueue" daemon [_thread_blocked, id=30759, stack(0x00007f84b5165000,0x00007f84b5366000)]
  0x00007f84ec57e000 JavaThread "Framework Event Dispatcher" daemon [_thread_blocked, id=30752, stack(0x00007f84b5a1e000,0x00007f84b5c1f000)]
  0x00007f84ec4be000 JavaThread "Thread-2" daemon [_thread_blocked, id=30750, stack(0x00007f84b7c68000,0x00007f84b7e69000)]
  0x00007f84c803a800 JavaThread "File Watcher" daemon [_thread_in_native, id=30740, stack(0x00007f84ba8d6000,0x00007f84baad7000)]
  0x00007f84ec3e8800 JavaThread "Inactive RequestProcessor thread [Was:org.netbeans.modules.project.ui.ProjectTab/org.netbeans.modules.project.ui.ProjectTab$KeepExpansion]" daemon [_thread_blocked, id=30736, stack(0x00007f8528ccc000,0x00007f8528ecd000)]
  0x00007f84ec3df800 JavaThread "Netigso Events" daemon [_thread_blocked, id=30735, stack(0x00007f8528ecd000,0x00007f85290ce000)]
  0x00007f84ec406000 JavaThread "Editor Parsing Loop (201609300101)" daemon [_thread_blocked, id=30734, stack(0x00007f85290ce000,0x00007f85292cf000)]
  0x00007f84ec404000 JavaThread "Flush UI Logs" daemon [_thread_blocked, id=30733, stack(0x00007f85292cf000,0x00007f85294d0000)]
  0x00007f84ec3d4800 JavaThread "AWT-EventQueue-0" [_thread_blocked, id=30730, stack(0x00007f85298d2000,0x00007f8529ad3000)]
  0x00007f84ec3f9800 JavaThread "AWT-Shutdown" [_thread_blocked, id=30729, stack(0x00007f852a955000,0x00007f852ab56000)]
  0x00007f84ec3dc000 JavaThread "State Data Manager" daemon [_thread_blocked, id=30728, stack(0x00007f852a754000,0x00007f852a955000)]
  0x00007f84ec3c4000 JavaThread "Framework Active Thread" [_thread_blocked, id=30727, stack(0x00007f8529cd3000,0x00007f8529ed4000)]
=>0x00007f84ec0aa000 JavaThread "AWT-XAWT" daemon [_thread_in_native, id=30715, stack(0x00007f852ab56000,0x00007f852ad57000)]
  0x00007f84ec0bf800 JavaThread "Java2D Disposer" daemon [_thread_blocked, id=30714, stack(0x00007f852ad57000,0x00007f852af58000)]
  0x00007f84ec030000 JavaThread "RequestProcessor queue manager" daemon [_thread_blocked, id=30709, stack(0x00007f852b5e7000,0x00007f852b7e8000)]
  0x00007f854c814800 JavaThread "GitRefresh" daemon [_thread_blocked, id=30707, stack(0x00007f852b9e9000,0x00007f852bbea000)]
  0x00007f854c7c1000 JavaThread "CLI Requests Server" daemon [_thread_in_native, id=30706, stack(0x00007f85386a6000,0x00007f85388a7000)]
  0x00007f854c5ad000 JavaThread "Active Reference Queue Daemon" daemon [_thread_blocked, id=30705, stack(0x00007f853b8cc000,0x00007f853bacd000)]
  0x00007f854c2ae800 JavaThread "Service Thread" daemon [_thread_blocked, id=30694, stack(0x00007f853c2f7000,0x00007f853c4f8000)]
  0x00007f854c2a3800 JavaThread "C1 CompilerThread2" daemon [_thread_blocked, id=30693, stack(0x00007f853c4f8000,0x00007f853c5f9000)]
  0x00007f854c2a2000 JavaThread "C2 CompilerThread1" daemon [_thread_blocked, id=30692, stack(0x00007f853c5f9000,0x00007f853c6fa000)]
  0x00007f854c29f000 JavaThread "C2 CompilerThread0" daemon [_thread_blocked, id=30691, stack(0x00007f853c6fa000,0x00007f853c7fb000)]
  0x00007f854c29e000 JavaThread "Signal Dispatcher" daemon [_thread_blocked, id=30690, stack(0x00007f853c7fb000,0x00007f853c9fc000)]
  0x00007f854c26b800 JavaThread "Finalizer" daemon [_thread_blocked, id=30679, stack(0x00007f853c9fc000,0x00007f853cbfd000)]
  0x00007f854c267000 JavaThread "Reference Handler" daemon [_thread_blocked, id=30678, stack(0x00007f853cbfd000,0x00007f853cdfe000)]

Other Threads:
  0x00007f854c25f800 VMThread [stack: 0x00007f853cdfe000,0x00007f853ceff000] [id=30674]
  0x00007f854c2b1800 WatcherThread [stack: 0x00007f853c1f6000,0x00007f853c2f7000] [id=30696]

VM state:not at safepoint (normal execution)

VM Mutex/Monitor currently owned by a thread: None

Heap:
 PSYoungGen      total 106496K, used 32922K [0x00000000eab00000, 0x00000000f1f00000, 0x0000000100000000)
  eden space 96768K, 24% used [0x00000000eab00000,0x00000000ec285458,0x00000000f0980000)
  from space 9728K, 90% used [0x00000000f1400000,0x00000000f1ca1418,0x00000000f1d80000)
  to   space 10752K, 0% used [0x00000000f0980000,0x00000000f0980000,0x00000000f1400000)
 ParOldGen       total 137728K, used 53666K [0x00000000c0000000, 0x00000000c8680000, 0x00000000eab00000)
  object space 137728K, 38% used [0x00000000c0000000,0x00000000c3468848,0x00000000c8680000)
 Metaspace       used 57668K, capacity 64466K, committed 64640K, reserved 1103872K
  class space    used 7228K, capacity 9228K, committed 9344K, reserved 1048576K

Card table byte_map: [0x00007f8553dff000,0x00007f8554000000] byte_map_base: 0x00007f85537ff000

Marking Bits: (ParMarkBitMap*) 0x00007f855c9f1f60
 Begin Bits: [0x00007f85519fb000, 0x00007f85529fb000)
 End Bits:   [0x00007f85529fb000, 0x00007f85539fb000)

Polling page: 0x00007f855d642000

CodeCache: size=245760Kb used=14849Kb max_used=14849Kb free=230910Kb
 bounds [0x00007f853d000000, 0x00007f853dea0000, 0x00007f854c000000]
 total_blobs=5855 nmethods=5093 adapters=674
 compilation: enabled

Compilation events (10 events):
Event: 184,328 Thread 0x00007f854c2a3800 6112       3       java.util.concurrent.locks.AbstractQueuedSynchronizer$ConditionObject::signalAll (33 bytes)
Event: 184,328 Thread 0x00007f854c2a3800 nmethod 6112 0x00007f853de8ce90 code [0x00007f853de8d020, 0x00007f853de8d388]
Event: 188,758 Thread 0x00007f854c2a3800 6113       3       org.openide.util.RequestProcessor$Item::compareTo (36 bytes)
Event: 188,758 Thread 0x00007f854c2a3800 nmethod 6113 0x00007f853de88a90 code [0x00007f853de88c60, 0x00007f853de89810]
Event: 203,650 Thread 0x00007f854c2a3800 6114   !   3       org.netbeans.modules.project.ui.OpenProjectList$LoadOpenProjects::get (103 bytes)
Event: 203,651 Thread 0x00007f854c2a3800 nmethod 6114 0x00007f853de93110 code [0x00007f853de93380, 0x00007f853de94298]
Event: 203,651 Thread 0x00007f854c2a3800 6115       3       java.util.concurrent.TimeUnit$4::convert (6 bytes)
Event: 203,651 Thread 0x00007f854c2a3800 nmethod 6115 0x00007f853de88590 code [0x00007f853de88700, 0x00007f853de88928]
Event: 203,651 Thread 0x00007f854c2a3800 6116       3       java.util.concurrent.TimeUnit$3::toSeconds (6 bytes)
Event: 203,651 Thread 0x00007f854c2a3800 nmethod 6116 0x00007f853de8cb10 code [0x00007f853de8cc80, 0x00007f853de8cdf0]

GC Heap History (10 events):
Event: 9,213 GC heap before
{Heap before GC invocations=14 (full 3):
 PSYoungGen      total 82944K, used 7380K [0x00000000eab00000, 0x00000000f1100000, 0x0000000100000000)
  eden space 73728K, 0% used [0x00000000eab00000,0x00000000eab00000,0x00000000ef300000)
  from space 9216K, 80% used [0x00000000ef300000,0x00000000efa350c8,0x00000000efc00000)
  to   space 9728K, 0% used [0x00000000f0780000,0x00000000f0780000,0x00000000f1100000)
 ParOldGen       total 52224K, used 19608K [0x00000000c0000000, 0x00000000c3300000, 0x00000000eab00000)
  object space 52224K, 37% used [0x00000000c0000000,0x00000000c1326180,0x00000000c3300000)
 Metaspace       used 40614K, capacity 45046K, committed 45160K, reserved 1089536K
  class space    used 5022K, capacity 6132K, committed 6144K, reserved 1048576K
Event: 9,382 GC heap after
Heap after GC invocations=14 (full 3):
 PSYoungGen      total 82944K, used 0K [0x00000000eab00000, 0x00000000f1100000, 0x0000000100000000)
  eden space 73728K, 0% used [0x00000000eab00000,0x00000000eab00000,0x00000000ef300000)
  from space 9216K, 0% used [0x00000000ef300000,0x00000000ef300000,0x00000000efc00000)
  to   space 9728K, 0% used [0x00000000f0780000,0x00000000f0780000,0x00000000f1100000)
 ParOldGen       total 68608K, used 25119K [0x00000000c0000000, 0x00000000c4300000, 0x00000000eab00000)
  object space 68608K, 36% used [0x00000000c0000000,0x00000000c1887c20,0x00000000c4300000)
 Metaspace       used 40614K, capacity 45046K, committed 45160K, reserved 1089536K
  class space    used 5022K, capacity 6132K, committed 6144K, reserved 1048576K
}
Event: 10,271 GC heap before
{Heap before GC invocations=15 (full 3):
 PSYoungGen      total 82944K, used 73728K [0x00000000eab00000, 0x00000000f1100000, 0x0000000100000000)
  eden space 73728K, 100% used [0x00000000eab00000,0x00000000ef300000,0x00000000ef300000)
  from space 9216K, 0% used [0x00000000ef300000,0x00000000ef300000,0x00000000efc00000)
  to   space 9728K, 0% used [0x00000000f0780000,0x00000000f0780000,0x00000000f1100000)
 ParOldGen       total 68608K, used 25119K [0x00000000c0000000, 0x00000000c4300000, 0x00000000eab00000)
  object space 68608K, 36% used [0x00000000c0000000,0x00000000c1887c20,0x00000000c4300000)
 Metaspace       used 44013K, capacity 48942K, committed 49152K, reserved 1091584K
  class space    used 5430K, capacity 6642K, committed 6656K, reserved 1048576K
Event: 10,294 GC heap after
Heap after GC invocations=15 (full 3):
 PSYoungGen      total 94720K, used 5997K [0x00000000eab00000, 0x00000000f1280000, 0x0000000100000000)
  eden space 84992K, 0% used [0x00000000eab00000,0x00000000eab00000,0x00000000efe00000)
  from space 9728K, 61% used [0x00000000f0780000,0x00000000f0d5b6a0,0x00000000f1100000)
  to   space 9728K, 0% used [0x00000000efe00000,0x00000000efe00000,0x00000000f0780000)
 ParOldGen       total 115712K, used 94423K [0x00000000c0000000, 0x00000000c7100000, 0x00000000eab00000)
  object space 115712K, 81% used [0x00000000c0000000,0x00000000c5c35d98,0x00000000c7100000)
 Metaspace       used 44013K, capacity 48942K, committed 49152K, reserved 1091584K
  class space    used 5430K, capacity 6642K, committed 6656K, reserved 1048576K
}
Event: 10,294 GC heap before
{Heap before GC invocations=16 (full 4):
 PSYoungGen      total 94720K, used 5997K [0x00000000eab00000, 0x00000000f1280000, 0x0000000100000000)
  eden space 84992K, 0% used [0x00000000eab00000,0x00000000eab00000,0x00000000efe00000)
  from space 9728K, 61% used [0x00000000f0780000,0x00000000f0d5b6a0,0x00000000f1100000)
  to   space 9728K, 0% used [0x00000000efe00000,0x00000000efe00000,0x00000000f0780000)
 ParOldGen       total 115712K, used 94423K [0x00000000c0000000, 0x00000000c7100000, 0x00000000eab00000)
  object space 115712K, 81% used [0x00000000c0000000,0x00000000c5c35d98,0x00000000c7100000)
 Metaspace       used 44013K, capacity 48942K, committed 49152K, reserved 1091584K
  class space    used 5430K, capacity 6642K, committed 6656K, reserved 1048576K
Event: 10,353 GC heap after
Heap after GC invocations=16 (full 4):
 PSYoungGen      total 94720K, used 0K [0x00000000eab00000, 0x00000000f1280000, 0x0000000100000000)
  eden space 84992K, 0% used [0x00000000eab00000,0x00000000eab00000,0x00000000efe00000)
  from space 9728K, 0% used [0x00000000f0780000,0x00000000f0780000,0x00000000f1100000)
  to   space 9728K, 0% used [0x00000000efe00000,0x00000000efe00000,0x00000000f0780000)
 ParOldGen       total 137728K, used 53650K [0x00000000c0000000, 0x00000000c8680000, 0x00000000eab00000)
  object space 137728K, 38% used [0x00000000c0000000,0x00000000c3464848,0x00000000c8680000)
 Metaspace       used 44013K, capacity 48942K, committed 49152K, reserved 1091584K
  class space    used 5430K, capacity 6642K, committed 6656K, reserved 1048576K
}
Event: 11,476 GC heap before
{Heap before GC invocations=17 (full 4):
 PSYoungGen      total 94720K, used 84992K [0x00000000eab00000, 0x00000000f1280000, 0x0000000100000000)
  eden space 84992K, 100% used [0x00000000eab00000,0x00000000efe00000,0x00000000efe00000)
  from space 9728K, 0% used [0x00000000f0780000,0x00000000f0780000,0x00000000f1100000)
  to   space 9728K, 0% used [0x00000000efe00000,0x00000000efe00000,0x00000000f0780000)
 ParOldGen       total 137728K, used 53650K [0x00000000c0000000, 0x00000000c8680000, 0x00000000eab00000)
  object space 137728K, 38% used [0x00000000c0000000,0x00000000c3464848,0x00000000c8680000)
 Metaspace       used 49918K, capacity 56036K, committed 56192K, reserved 1097728K
  class space    used 6192K, capacity 8007K, committed 8064K, reserved 1048576K
Event: 11,483 GC heap after
Heap after GC invocations=17 (full 4):
 PSYoungGen      total 94720K, used 2980K [0x00000000eab00000, 0x00000000f1d80000, 0x0000000100000000)
  eden space 84992K, 0% used [0x00000000eab00000,0x00000000eab00000,0x00000000efe00000)
  from space 9728K, 30% used [0x00000000efe00000,0x00000000f00e9278,0x00000000f0780000)
  to   space 9728K, 0% used [0x00000000f1400000,0x00000000f1400000,0x00000000f1d80000)
 ParOldGen       total 137728K, used 53658K [0x00000000c0000000, 0x00000000c8680000, 0x00000000eab00000)
  object space 137728K, 38% used [0x00000000c0000000,0x00000000c3466848,0x00000000c8680000)
 Metaspace       used 49918K, capacity 56036K, committed 56192K, reserved 1097728K
  class space    used 6192K, capacity 8007K, committed 8064K, reserved 1048576K
}
Event: 12,250 GC heap before
{Heap before GC invocations=18 (full 4):
 PSYoungGen      total 94720K, used 87972K [0x00000000eab00000, 0x00000000f1d80000, 0x0000000100000000)
  eden space 84992K, 100% used [0x00000000eab00000,0x00000000efe00000,0x00000000efe00000)
  from space 9728K, 30% used [0x00000000efe00000,0x00000000f00e9278,0x00000000f0780000)
  to   space 9728K, 0% used [0x00000000f1400000,0x00000000f1400000,0x00000000f1d80000)
 ParOldGen       total 137728K, used 53658K [0x00000000c0000000, 0x00000000c8680000, 0x00000000eab00000)
  object space 137728K, 38% used [0x00000000c0000000,0x00000000c3466848,0x00000000c8680000)
 Metaspace       used 55030K, capacity 61476K, committed 61696K, reserved 1101824K
  class space    used 6919K, capacity 8862K, committed 8960K, reserved 1048576K
Event: 12,264 GC heap after
Heap after GC invocations=18 (full 4):
 PSYoungGen      total 106496K, used 8837K [0x00000000eab00000, 0x00000000f1f00000, 0x0000000100000000)
  eden space 96768K, 0% used [0x00000000eab00000,0x00000000eab00000,0x00000000f0980000)
  from space 9728K, 90% used [0x00000000f1400000,0x00000000f1ca1418,0x00000000f1d80000)
  to   space 10752K, 0% used [0x00000000f0980000,0x00000000f0980000,0x00000000f1400000)
 ParOldGen       total 137728K, used 53666K [0x00000000c0000000, 0x00000000c8680000, 0x00000000eab00000)
  object space 137728K, 38% used [0x00000000c0000000,0x00000000c3468848,0x00000000c8680000)
 Metaspace       used 55030K, capacity 61476K, committed 61696K, reserved 1101824K
  class space    used 6919K, capacity 8862K, committed 8960K, reserved 1048576K
}

Deoptimization events (10 events):
Event: 11,879 Thread 0x00007f84ec404000 Uncommon trap: reason=class_check action=maybe_recompile pc=0x00007f853d630578 method=java.util.regex.Matcher.search(I)Z @ 86
Event: 11,879 Thread 0x00007f84ec404000 Uncommon trap: reason=class_check action=maybe_recompile pc=0x00007f853d630578 method=java.util.regex.Matcher.search(I)Z @ 86
Event: 11,879 Thread 0x00007f84ec404000 Uncommon trap: reason=class_check action=maybe_recompile pc=0x00007f853d630578 method=java.util.regex.Matcher.search(I)Z @ 86
Event: 11,879 Thread 0x00007f84ec404000 Uncommon trap: reason=class_check action=maybe_recompile pc=0x00007f853d57c448 method=java.util.regex.Matcher.search(I)Z @ 86
Event: 11,976 Thread 0x00007f84d8845000 Uncommon trap: reason=class_check action=maybe_recompile pc=0x00007f853d6437f0 method=java.util.HashMap.removeNode(ILjava/lang/Object;Ljava/lang/Object;ZZ)Ljava/util/HashMap$Node; @ 143
Event: 11,983 Thread 0x00007f84d8845000 Uncommon trap: reason=class_check action=maybe_recompile pc=0x00007f853d6437f0 method=java.util.HashMap.removeNode(ILjava/lang/Object;Ljava/lang/Object;ZZ)Ljava/util/HashMap$Node; @ 143
Event: 12,085 Thread 0x00007f84ec3ea800 Uncommon trap: reason=unstable_if action=reinterpret pc=0x00007f853d9281a4 method=sun.nio.cs.UTF_8$Encoder.encodeArrayLoop(Ljava/nio/CharBuffer;Ljava/nio/ByteBuffer;)Ljava/nio/charset/CoderResult; @ 113
Event: 12,090 Thread 0x00007f84ec3ff000 Uncommon trap: reason=unstable_if action=reinterpret pc=0x00007f853dc87420 method=org.netbeans.NetigsoHandle.findFallbackLoader()Ljava/lang/ClassLoader; @ 6
Event: 12,418 Thread 0x00007f84ec404000 Uncommon trap: reason=unstable_if action=reinterpret pc=0x00007f853d73f098 method=java.util.regex.Pattern$CharProperty.match(Ljava/util/regex/Matcher;ILjava/lang/CharSequence;)Z @ 40
Event: 16,477 Thread 0x00007f84ec404000 Uncommon trap: reason=unstable_if action=reinterpret pc=0x00007f853dd1ad4c method=java.util.regex.Matcher.quoteReplacement(Ljava/lang/String;)Ljava/lang/String; @ 17

Internal exceptions (10 events):
Event: 8,608 Thread 0x00007f854c819800 Exception <a 'java/io/FileNotFoundException'> (0x00000000eca9df18) thrown at [/HUDSON/workspace/8-2-build-linux-amd64/jdk8u131/8869/hotspot/src/share/vm/prims/jni.cpp, line 709]
Event: 8,753 Thread 0x00007f84ec404000 Exception <a 'java/security/PrivilegedActionException'> (0x00000000ed74f9e8) thrown at [/HUDSON/workspace/8-2-build-linux-amd64/jdk8u131/8869/hotspot/src/share/vm/prims/jvm.cpp, line 1390]
Event: 10,016 Thread 0x00007f84ec3d4800 Implicit null exception at 0x00007f853d23062f to 0x00007f853d230699
Event: 10,121 Thread 0x00007f84ec3d4800 Implicit null exception at 0x00007f853d5e6ab3 to 0x00007f853d5e745d
Event: 10,423 Thread 0x00007f84ec3d4800 Implicit null exception at 0x00007f853d686f93 to 0x00007f853d6873d9
Event: 10,915 Thread 0x00007f84ec3d4800 Implicit null exception at 0x00007f853d78ca4f to 0x00007f853d78cae9
Event: 11,528 Thread 0x00007f84ec3ff000 Exception <a 'java/security/PrivilegedActionException'> (0x00000000eafa5ec8) thrown at [/HUDSON/workspace/8-2-build-linux-amd64/jdk8u131/8869/hotspot/src/share/vm/prims/jvm.cpp, line 1390]
Event: 11,783 Thread 0x00007f84ec3d4800 Exception <a 'java/lang/NoSuchMethodError': <clinit>> (0x00000000edc08af8) thrown at [/HUDSON/workspace/8-2-build-linux-amd64/jdk8u131/8869/hotspot/src/share/vm/prims/jni.cpp, line 1613]
Event: 16,472 Thread 0x00007f84ec576000 Exception <a 'java/lang/NoSuchMethodError': <clinit>> (0x00000000ebd9ce48) thrown at [/HUDSON/workspace/8-2-build-linux-amd64/jdk8u131/8869/hotspot/src/share/vm/prims/jni.cpp, line 1613]
Event: 16,473 Thread 0x00007f84ec576000 Exception <a 'java/lang/NoSuchMethodError': <clinit>> (0x00000000ebd9e958) thrown at [/HUDSON/workspace/8-2-build-linux-amd64/jdk8u131/8869/hotspot/src/share/vm/prims/jni.cpp, line 1613]

Events (10 events):
Event: 41,632 Executing VM operation: RevokeBias
Event: 41,632 Executing VM operation: RevokeBias done
Event: 42,463 Executing VM operation: RevokeBias
Event: 42,463 Executing VM operation: RevokeBias done
Event: 42,552 Executing VM operation: BulkRevokeBias
Event: 42,552 Executing VM operation: BulkRevokeBias done
Event: 67,254 Thread 0x00007f84c802d800 Thread exited: 0x00007f84c802d800
Event: 72,088 Thread 0x00007f84ec3ea800 Thread exited: 0x00007f84ec3ea800
Event: 72,385 Thread 0x00007f84ec3ff000 Thread exited: 0x00007f84ec3ff000
Event: 72,894 Thread 0x00007f84ec3fd800 Thread exited: 0x00007f84ec3fd800


Dynamic libraries:
00400000-00401000 r-xp 00000000 08:06 5246542                            /usr/lib/jvm/java-8-oracle/bin/java
00600000-00601000 rw-p 00000000 08:06 5246542                            /usr/lib/jvm/java-8-oracle/bin/java
01843000-01864000 rw-p 00000000 00:00 0                                  [heap]
c0000000-c8680000 rw-p 00000000 00:00 0 
c8680000-eab00000 ---p 00000000 00:00 0 
eab00000-f1f00000 rw-p 00000000 00:00 0 
f1f00000-100000000 ---p 00000000 00:00 0 
100000000-100920000 rw-p 00000000 00:00 0 
100920000-140000000 ---p 00000000 00:00 0 
7f84b345d000-7f84b365d000 rw-p 00000000 00:00 0 
7f84b365d000-7f84b385d000 rw-p 00000000 00:00 0 
7f84b385d000-7f84b3a5d000 rw-p 00000000 00:00 0 
7f84b3a5d000-7f84b3c5d000 rw-p 00000000 00:00 0 
7f84b3c5d000-7f84b3e5d000 rw-p 00000000 00:00 0 
7f84b3e5d000-7f84b405d000 rw-p 00000000 00:00 0 
7f84b405d000-7f84b425d000 rw-p 00000000 00:00 0 
7f84b425d000-7f84b4287000 r-xp 00000000 08:06 5246719                    /usr/lib/jvm/java-8-oracle/jre/lib/amd64/libdcpr.so
7f84b4287000-7f84b4487000 ---p 0002a000 08:06 5246719                    /usr/lib/jvm/java-8-oracle/jre/lib/amd64/libdcpr.so
7f84b4487000-7f84b448a000 rw-p 0002a000 08:06 5246719                    /usr/lib/jvm/java-8-oracle/jre/lib/amd64/libdcpr.so
7f84b448a000-7f84b4563000 r-xp 00000000 08:06 5246737                    /usr/lib/jvm/java-8-oracle/jre/lib/amd64/libmlib_image.so
7f84b4563000-7f84b4763000 ---p 000d9000 08:06 5246737                    /usr/lib/jvm/java-8-oracle/jre/lib/amd64/libmlib_image.so
7f84b4763000-7f84b4764000 rw-p 000d9000 08:06 5246737                    /usr/lib/jvm/java-8-oracle/jre/lib/amd64/libmlib_image.so
7f84b4764000-7f84b4964000 rw-p 00000000 00:00 0 
7f84b4964000-7f84b4b64000 rw-p 00000000 00:00 0 
7f84b4b64000-7f84b4d64000 rw-p 00000000 00:00 0 
7f84b4d64000-7f84b4d67000 ---p 00000000 00:00 0 
7f84b4d67000-7f84b5165000 rw-p 00000000 00:00 0 
7f84b5165000-7f84b5168000 ---p 00000000 00:00 0 
7f84b5168000-7f84b5366000 rw-p 00000000 00:00 0 
7f84b541d000-7f84b561d000 rw-p 00000000 00:00 0 
7f84b561d000-7f84b581d000 rw-p 00000000 00:00 0 
7f84b581d000-7f84b5820000 ---p 00000000 00:00 0 
7f84b5820000-7f84b5a1e000 rw-p 00000000 00:00 0 
7f84b5a1e000-7f84b5a21000 ---p 00000000 00:00 0 
7f84b5a21000-7f84b5c1f000 rw-p 00000000 00:00 0 
7f84b5c1f000-7f84b5c22000 ---p 00000000 00:00 0 
7f84b5c22000-7f84b5e20000 rw-p 00000000 00:00 0 
7f84b5e20000-7f84b5e21000 ---p 00000000 00:00 0 
7f84b5e21000-7f84b6621000 rw-p 00000000 00:00 0 
7f84b6621000-7f84b6622000 ---p 00000000 00:00 0 
7f84b6622000-7f84b6e22000 rw-p 00000000 00:00 0 
7f84b6e22000-7f84b6e58000 r-xp 00000000 08:06 4853476                    /usr/lib/x86_64-linux-gnu/gvfs/libgvfscommon.so
7f84b6e58000-7f84b7058000 ---p 00036000 08:06 4853476                    /usr/lib/x86_64-linux-gnu/gvfs/libgvfscommon.so
7f84b7058000-7f84b705d000 r--p 00036000 08:06 4853476                    /usr/lib/x86_64-linux-gnu/gvfs/libgvfscommon.so
7f84b705d000-7f84b705e000 rw-p 0003b000 08:06 4853476                    /usr/lib/x86_64-linux-gnu/gvfs/libgvfscommon.so
7f84b705e000-7f84b708e000 r-xp 00000000 08:06 4852920                    /usr/lib/x86_64-linux-gnu/gio/modules/libgvfsdbus.so
7f84b708e000-7f84b728d000 ---p 00030000 08:06 4852920                    /usr/lib/x86_64-linux-gnu/gio/modules/libgvfsdbus.so
7f84b728d000-7f84b728e000 r--p 0002f000 08:06 4852920                    /usr/lib/x86_64-linux-gnu/gio/modules/libgvfsdbus.so
7f84b728e000-7f84b728f000 rw-p 00030000 08:06 4852920                    /usr/lib/x86_64-linux-gnu/gio/modules/libgvfsdbus.so
7f84b728f000-7f84b7290000 rw-p 00000000 00:00 0 
7f84b7290000-7f84b72f6000 r-xp 00000000 08:06 4596434                    /usr/lib/x86_64-linux-gnu/libibus-1.0.so.5.0.511
7f84b72f6000-7f84b74f5000 ---p 00066000 08:06 4596434                    /usr/lib/x86_64-linux-gnu/libibus-1.0.so.5.0.511
7f84b74f5000-7f84b74f7000 r--p 00065000 08:06 4596434                    /usr/lib/x86_64-linux-gnu/libibus-1.0.so.5.0.511
7f84b74f7000-7f84b74f8000 rw-p 00067000 08:06 4596434                    /usr/lib/x86_64-linux-gnu/libibus-1.0.so.5.0.511
7f84b74f8000-7f84b74f9000 rw-p 00000000 00:00 0 
7f84b7515000-7f84b751b000 r-xp 00000000 08:06 4853116                    /usr/lib/x86_64-linux-gnu/gtk-2.0/2.10.0/immodules/im-ibus.so
7f84b751b000-7f84b771b000 ---p 00006000 08:06 4853116                    /usr/lib/x86_64-linux-gnu/gtk-2.0/2.10.0/immodules/im-ibus.so
7f84b771b000-7f84b771c000 r--p 00006000 08:06 4853116                    /usr/lib/x86_64-linux-gnu/gtk-2.0/2.10.0/immodules/im-ibus.so
7f84b771c000-7f84b771d000 rw-p 00007000 08:06 4853116                    /usr/lib/x86_64-linux-gnu/gtk-2.0/2.10.0/immodules/im-ibus.so
7f84b771d000-7f84b7771000 r--p 00000000 08:06 5637477                    /usr/share/fonts/truetype/dejavu/DejaVuSansMono.ttf
7f84b7771000-7f84b77c8000 r--p 00000000 08:06 5637609                    /usr/share/fonts/truetype/ubuntu-font-family/Ubuntu-R.ttf
7f84b785f000-7f84b7a5f000 rw-p 00000000 00:00 0 
7f84b7a5f000-7f84b7a68000 r-xp 00000000 08:06 5246772                    /usr/lib/jvm/java-8-oracle/jre/lib/amd64/libmanagement.so
7f84b7a68000-7f84b7c67000 ---p 00009000 08:06 5246772                    /usr/lib/jvm/java-8-oracle/jre/lib/amd64/libmanagement.so
7f84b7c67000-7f84b7c68000 rw-p 00008000 08:06 5246772                    /usr/lib/jvm/java-8-oracle/jre/lib/amd64/libmanagement.so
7f84b7c68000-7f84b7c6b000 ---p 00000000 00:00 0 
7f84b7c6b000-7f84b8069000 rw-p 00000000 00:00 0 
7f84b8069000-7f84b8269000 rw-p 00000000 00:00 0 
7f84b8269000-7f84b8469000 rw-p 00000000 00:00 0 
7f84b8469000-7f84b846a000 ---p 00000000 00:00 0 
7f84b846a000-7f84b8c6a000 rw-p 00000000 00:00 0 
7f84b8c6a000-7f84b8c6b000 ---p 00000000 00:00 0 
7f84b8c6b000-7f84b946b000 rw-p 00000000 00:00 0 
7f84b946b000-7f84b946c000 ---p 00000000 00:00 0 
7f84b946c000-7f84b9c6c000 rw-p 00000000 00:00 0 
7f84b9c6c000-7f84b9c77000 r-xp 00000000 08:06 4852915                    /usr/lib/x86_64-linux-gnu/gio/modules/libdconfsettings.so
7f84b9c77000-7f84b9e77000 ---p 0000b000 08:06 4852915                    /usr/lib/x86_64-linux-gnu/gio/modules/libdconfsettings.so
7f84b9e77000-7f84b9e78000 r--p 0000b000 08:06 4852915                    /usr/lib/x86_64-linux-gnu/gio/modules/libdconfsettings.so
7f84b9e78000-7f84b9e79000 rw-p 0000c000 08:06 4852915                    /usr/lib/x86_64-linux-gnu/gio/modules/libdconfsettings.so
7f84b9e79000-7f84b9e80000 r-xp 00000000 08:06 4596671                    /usr/lib/x86_64-linux-gnu/libogg.so.0.8.2
7f84b9e80000-7f84ba080000 ---p 00007000 08:06 4596671                    /usr/lib/x86_64-linux-gnu/libogg.so.0.8.2
7f84ba080000-7f84ba081000 r--p 00007000 08:06 4596671                    /usr/lib/x86_64-linux-gnu/libogg.so.0.8.2
7f84ba081000-7f84ba082000 rw-p 00008000 08:06 4596671                    /usr/lib/x86_64-linux-gnu/libogg.so.0.8.2
7f84ba082000-7f84ba0ac000 r-xp 00000000 08:06 4597019                    /usr/lib/x86_64-linux-gnu/libvorbis.so.0.4.8
7f84ba0ac000-7f84ba2ac000 ---p 0002a000 08:06 4597019                    /usr/lib/x86_64-linux-gnu/libvorbis.so.0.4.8
7f84ba2ac000-7f84ba2ad000 r--p 0002a000 08:06 4597019                    /usr/lib/x86_64-linux-gnu/libvorbis.so.0.4.8
7f84ba2ad000-7f84ba2ae000 rw-p 0002b000 08:06 4597019                    /usr/lib/x86_64-linux-gnu/libvorbis.so.0.4.8
7f84ba2ae000-7f84ba2b7000 r-xp 00000000 08:06 4596538                    /usr/lib/x86_64-linux-gnu/libltdl.so.7.3.1
7f84ba2b7000-7f84ba4b6000 ---p 00009000 08:06 4596538                    /usr/lib/x86_64-linux-gnu/libltdl.so.7.3.1
7f84ba4b6000-7f84ba4b7000 r--p 00008000 08:06 4596538                    /usr/lib/x86_64-linux-gnu/libltdl.so.7.3.1
7f84ba4b7000-7f84ba4b8000 rw-p 00009000 08:06 4596538                    /usr/lib/x86_64-linux-gnu/libltdl.so.7.3.1
7f84ba4b8000-7f84ba4cc000 r-xp 00000000 08:06 4596912                    /usr/lib/x86_64-linux-gnu/libtdb.so.1.3.8
7f84ba4cc000-7f84ba6cb000 ---p 00014000 08:06 4596912                    /usr/lib/x86_64-linux-gnu/libtdb.so.1.3.8
7f84ba6cb000-7f84ba6cc000 r--p 00013000 08:06 4596912                    /usr/lib/x86_64-linux-gnu/libtdb.so.1.3.8
7f84ba6cc000-7f84ba6cd000 rw-p 00014000 08:06 4596912                    /usr/lib/x86_64-linux-gnu/libtdb.so.1.3.8
7f84ba6cd000-7f84ba6d4000 r-xp 00000000 08:06 4597023                    /usr/lib/x86_64-linux-gnu/libvorbisfile.so.3.3.7
7f84ba6d4000-7f84ba8d4000 ---p 00007000 08:06 4597023                    /usr/lib/x86_64-linux-gnu/libvorbisfile.so.3.3.7
7f84ba8d4000-7f84ba8d5000 r--p 00007000 08:06 4597023                    /usr/lib/x86_64-linux-gnu/libvorbisfile.so.3.3.7
7f84ba8d5000-7f84ba8d6000 rw-p 00008000 08:06 4597023                    /usr/lib/x86_64-linux-gnu/libvorbisfile.so.3.3.7
7f84ba8d6000-7f84ba8d9000 ---p 00000000 00:00 0 
7f84ba8d9000-7f84baad7000 rw-p 00000000 00:00 0 
7f84baad7000-7f84baae7000 r-xp 00000000 08:06 4595935                    /usr/lib/x86_64-linux-gnu/libcanberra.so.0.2.5
7f84baae7000-7f84bace6000 ---p 00010000 08:06 4595935                    /usr/lib/x86_64-linux-gnu/libcanberra.so.0.2.5
7f84bace6000-7f84bace7000 r--p 0000f000 08:06 4595935                    /usr/lib/x86_64-linux-gnu/libcanberra.so.0.2.5
7f84bace7000-7f84bace8000 rw-p 00010000 08:06 4595935                    /usr/lib/x86_64-linux-gnu/libcanberra.so.0.2.5
7f84bace8000-7f84bacec000 r-xp 00000000 08:06 4595931                    /usr/lib/x86_64-linux-gnu/libcanberra-gtk.so.0.1.9
7f84bacec000-7f84baeeb000 ---p 00004000 08:06 4595931                    /usr/lib/x86_64-linux-gnu/libcanberra-gtk.so.0.1.9
7f84baeeb000-7f84baeec000 r--p 00003000 08:06 4595931                    /usr/lib/x86_64-linux-gnu/libcanberra-gtk.so.0.1.9
7f84baeec000-7f84baeed000 rw-p 00004000 08:06 4595931                    /usr/lib/x86_64-linux-gnu/libcanberra-gtk.so.0.1.9
7f84baeed000-7f84baef2000 r-xp 00000000 08:06 4853130                    /usr/lib/x86_64-linux-gnu/gtk-2.0/modules/libcanberra-gtk-module.so
7f84baef2000-7f84bb0f1000 ---p 00005000 08:06 4853130                    /usr/lib/x86_64-linux-gnu/gtk-2.0/modules/libcanberra-gtk-module.so
7f84bb0f1000-7f84bb0f2000 r--p 00004000 08:06 4853130                    /usr/lib/x86_64-linux-gnu/gtk-2.0/modules/libcanberra-gtk-module.so
7f84bb0f2000-7f84bb0f3000 rw-p 00005000 08:06 4853130                    /usr/lib/x86_64-linux-gnu/gtk-2.0/modules/libcanberra-gtk-module.so
7f84bb0f3000-7f84bb123000 r-xp 00000000 08:06 4851896                    /usr/lib/x86_64-linux-gnu/gtk-2.0/2.10.0/engines/libmurrine.so
7f84bb123000-7f84bb323000 ---p 00030000 08:06 4851896                    /usr/lib/x86_64-linux-gnu/gtk-2.0/2.10.0/engines/libmurrine.so
7f84bb323000-7f84bb324000 r--p 00030000 08:06 4851896                    /usr/lib/x86_64-linux-gnu/gtk-2.0/2.10.0/engines/libmurrine.so
7f84bb324000-7f84bb325000 rw-p 00031000 08:06 4851896                    /usr/lib/x86_64-linux-gnu/gtk-2.0/2.10.0/engines/libmurrine.so
7f84bb325000-7f84bb336000 r-xp 00000000 08:06 4851925                    /usr/lib/x86_64-linux-gnu/gtk-2.0/modules/liboverlay-scrollbar.so
7f84bb336000-7f84bb536000 ---p 00011000 08:06 4851925                    /usr/lib/x86_64-linux-gnu/gtk-2.0/modules/liboverlay-scrollbar.so
7f84bb536000-7f84bb537000 r--p 00011000 08:06 4851925                    /usr/lib/x86_64-linux-gnu/gtk-2.0/modules/liboverlay-scrollbar.so
7f84bb537000-7f84bb538000 rw-p 00012000 08:06 4851925                    /usr/lib/x86_64-linux-gnu/gtk-2.0/modules/liboverlay-scrollbar.so
7f84bb538000-7f84bb539000 r-xp 00000000 08:06 4587938                    /usr/lib/x86_64-linux-gnu/libgthread-2.0.so.0.4800.2
7f84bb539000-7f84bb738000 ---p 00001000 08:06 4587938                    /usr/lib/x86_64-linux-gnu/libgthread-2.0.so.0.4800.2
7f84bb738000-7f84bb739000 r--p 00000000 08:06 4587938                    /usr/lib/x86_64-linux-gnu/libgthread-2.0.so.0.4800.2
7f84bb739000-7f84bb73a000 rw-p 00001000 08:06 4587938                    /usr/lib/x86_64-linux-gnu/libgthread-2.0.so.0.4800.2
7f84bb73a000-7f84bb740000 r-xp 00000000 08:06 4596018                    /usr/lib/x86_64-linux-gnu/libdatrie.so.1.3.3
7f84bb740000-7f84bb940000 ---p 00006000 08:06 4596018                    /usr/lib/x86_64-linux-gnu/libdatrie.so.1.3.3
7f84bb940000-7f84bb941000 r--p 00006000 08:06 4596018                    /usr/lib/x86_64-linux-gnu/libdatrie.so.1.3.3
7f84bb941000-7f84bb942000 rw-p 00007000 08:06 4596018                    /usr/lib/x86_64-linux-gnu/libdatrie.so.1.3.3
7f84bb942000-7f84bb965000 r-xp 00000000 08:06 4596322                    /usr/lib/x86_64-linux-gnu/libgraphite2.so.3.0.1
7f84bb965000-7f84bbb64000 ---p 00023000 08:06 4596322                    /usr/lib/x86_64-linux-gnu/libgraphite2.so.3.0.1
7f84bbb64000-7f84bbb66000 r--p 00022000 08:06 4596322                    /usr/lib/x86_64-linux-gnu/libgraphite2.so.3.0.1
7f84bbb66000-7f84bbb67000 rw-p 00024000 08:06 4596322                    /usr/lib/x86_64-linux-gnu/libgraphite2.so.3.0.1
7f84bbb67000-7f84bbb8d000 r-xp 00000000 08:06 4198773                    /lib/x86_64-linux-gnu/libexpat.so.1.6.0
7f84bbb8d000-7f84bbd8d000 ---p 00026000 08:06 4198773                    /lib/x86_64-linux-gnu/libexpat.so.1.6.0
7f84bbd8d000-7f84bbd8f000 r--p 00026000 08:06 4198773                    /lib/x86_64-linux-gnu/libexpat.so.1.6.0
7f84bbd8f000-7f84bbd90000 rw-p 00028000 08:06 4198773                    /lib/x86_64-linux-gnu/libexpat.so.1.6.0
7f84bbd90000-7f84bbdfe000 r-xp 00000000 08:06 4198994                    /lib/x86_64-linux-gnu/libpcre.so.3.13.2
7f84bbdfe000-7f84bbffe000 ---p 0006e000 08:06 4198994                    /lib/x86_64-linux-gnu/libpcre.so.3.13.2
7f84bbffe000-7f84bbfff000 r--p 0006e000 08:06 4198994                    /lib/x86_64-linux-gnu/libpcre.so.3.13.2
7f84bbfff000-7f84bc000000 rw-p 0006f000 08:06 4198994                    /lib/x86_64-linux-gnu/libpcre.so.3.13.2
7f84bc000000-7f84bc087000 rw-p 00000000 00:00 0 
7f84bc087000-7f84c0000000 ---p 00000000 00:00 0 
7f84c01ef000-7f84c01f6000 r-xp 00000000 08:06 4596147                    /usr/lib/x86_64-linux-gnu/libffi.so.6.0.4
7f84c01f6000-7f84c03f5000 ---p 00007000 08:06 4596147                    /usr/lib/x86_64-linux-gnu/libffi.so.6.0.4
7f84c03f5000-7f84c03f6000 r--p 00006000 08:06 4596147                    /usr/lib/x86_64-linux-gnu/libffi.so.6.0.4
7f84c03f6000-7f84c03f7000 rw-p 00007000 08:06 4596147                    /usr/lib/x86_64-linux-gnu/libffi.so.6.0.4
7f84c03f7000-7f84c03ff000 r-xp 00000000 08:06 4596920                    /usr/lib/x86_64-linux-gnu/libthai.so.0.2.4
7f84c03ff000-7f84c05fe000 ---p 00008000 08:06 4596920                    /usr/lib/x86_64-linux-gnu/libthai.so.0.2.4
7f84c05fe000-7f84c05ff000 r--p 00007000 08:06 4596920                    /usr/lib/x86_64-linux-gnu/libthai.so.0.2.4
7f84c05ff000-7f84c0600000 rw-p 00008000 08:06 4596920                    /usr/lib/x86_64-linux-gnu/libthai.so.0.2.4
7f84c0600000-7f84c065c000 r-xp 00000000 08:06 4593281                    /usr/lib/x86_64-linux-gnu/libharfbuzz.so.0.10000.1
7f84c065c000-7f84c085c000 ---p 0005c000 08:06 4593281                    /usr/lib/x86_64-linux-gnu/libharfbuzz.so.0.10000.1
7f84c085c000-7f84c085d000 r--p 0005c000 08:06 4593281                    /usr/lib/x86_64-linux-gnu/libharfbuzz.so.0.10000.1
7f84c085d000-7f84c085e000 rw-p 0005d000 08:06 4593281                    /usr/lib/x86_64-linux-gnu/libharfbuzz.so.0.10000.1
7f84c085e000-7f84c0875000 r-xp 00000000 08:06 4204281                    /lib/x86_64-linux-gnu/libresolv-2.23.so
7f84c0875000-7f84c0a75000 ---p 00017000 08:06 4204281                    /lib/x86_64-linux-gnu/libresolv-2.23.so
7f84c0a75000-7f84c0a76000 r--p 00017000 08:06 4204281                    /lib/x86_64-linux-gnu/libresolv-2.23.so
7f84c0a76000-7f84c0a77000 rw-p 00018000 08:06 4204281                    /lib/x86_64-linux-gnu/libresolv-2.23.so
7f84c0a77000-7f84c0a79000 rw-p 00000000 00:00 0 
7f84c0a79000-7f84c0a98000 r-xp 00000000 08:06 4199023                    /lib/x86_64-linux-gnu/libselinux.so.1
7f84c0a98000-7f84c0c97000 ---p 0001f000 08:06 4199023                    /lib/x86_64-linux-gnu/libselinux.so.1
7f84c0c97000-7f84c0c98000 r--p 0001e000 08:06 4199023                    /lib/x86_64-linux-gnu/libselinux.so.1
7f84c0c98000-7f84c0c99000 rw-p 0001f000 08:06 4199023                    /lib/x86_64-linux-gnu/libselinux.so.1
7f84c0c99000-7f84c0c9b000 rw-p 00000000 00:00 0 
7f84c0c9b000-7f84c0cb4000 r-xp 00000000 08:06 4194321                    /lib/x86_64-linux-gnu/libz.so.1.2.8
7f84c0cb4000-7f84c0eb3000 ---p 00019000 08:06 4194321                    /lib/x86_64-linux-gnu/libz.so.1.2.8
7f84c0eb3000-7f84c0eb4000 r--p 00018000 08:06 4194321                    /lib/x86_64-linux-gnu/libz.so.1.2.8
7f84c0eb4000-7f84c0eb5000 rw-p 00019000 08:06 4194321                    /lib/x86_64-linux-gnu/libz.so.1.2.8
7f84c0eb5000-7f84c0ebd000 r-xp 00000000 08:06 4597128                    /usr/lib/x86_64-linux-gnu/libxcb-render.so.0.0.0
7f84c0ebd000-7f84c10bd000 ---p 00008000 08:06 4597128                    /usr/lib/x86_64-linux-gnu/libxcb-render.so.0.0.0
7f84c10bd000-7f84c10be000 r--p 00008000 08:06 4597128                    /usr/lib/x86_64-linux-gnu/libxcb-render.so.0.0.0
7f84c10be000-7f84c10bf000 rw-p 00009000 08:06 4597128                    /usr/lib/x86_64-linux-gnu/libxcb-render.so.0.0.0
7f84c10bf000-7f84c10c1000 r-xp 00000000 08:06 4597132                    /usr/lib/x86_64-linux-gnu/libxcb-shm.so.0.0.0
7f84c10c1000-7f84c12c1000 ---p 00002000 08:06 4597132                    /usr/lib/x86_64-linux-gnu/libxcb-shm.so.0.0.0
7f84c12c1000-7f84c12c2000 r--p 00002000 08:06 4597132                    /usr/lib/x86_64-linux-gnu/libxcb-shm.so.0.0.0
7f84c12c2000-7f84c12c3000 rw-p 00003000 08:06 4597132                    /usr/lib/x86_64-linux-gnu/libxcb-shm.so.0.0.0
7f84c12c3000-7f84c12e7000 r-xp 00000000 08:06 4199006                    /lib/x86_64-linux-gnu/libpng12.so.0.54.0
7f84c12e7000-7f84c14e6000 ---p 00024000 08:06 4199006                    /lib/x86_64-linux-gnu/libpng12.so.0.54.0
7f84c14e6000-7f84c14e7000 r--p 00023000 08:06 4199006                    /lib/x86_64-linux-gnu/libpng12.so.0.54.0
7f84c14e7000-7f84c14e8000 rw-p 00024000 08:06 4199006                    /lib/x86_64-linux-gnu/libpng12.so.0.54.0
7f84c14e8000-7f84c1587000 r-xp 00000000 08:06 4596725                    /usr/lib/x86_64-linux-gnu/libpixman-1.so.0.33.6
7f84c1587000-7f84c1787000 ---p 0009f000 08:06 4596725                    /usr/lib/x86_64-linux-gnu/libpixman-1.so.0.33.6
7f84c1787000-7f84c178f000 r--p 0009f000 08:06 4596725                    /usr/lib/x86_64-linux-gnu/libpixman-1.so.0.33.6
7f84c178f000-7f84c1790000 rw-p 000a7000 08:06 4596725                    /usr/lib/x86_64-linux-gnu/libpixman-1.so.0.33.6
7f84c1790000-7f84c1834000 r-xp 00000000 08:06 4587674                    /usr/lib/x86_64-linux-gnu/libfreetype.so.6.12.1
7f84c1834000-7f84c1a33000 ---p 000a4000 08:06 4587674                    /usr/lib/x86_64-linux-gnu/libfreetype.so.6.12.1
7f84c1a33000-7f84c1a39000 r--p 000a3000 08:06 4587674                    /usr/lib/x86_64-linux-gnu/libfreetype.so.6.12.1
7f84c1a39000-7f84c1a3a000 rw-p 000a9000 08:06 4587674                    /usr/lib/x86_64-linux-gnu/libfreetype.so.6.12.1
7f84c1a3a000-7f84c1a3c000 r-xp 00000000 08:06 4595773                    /usr/lib/x86_64-linux-gnu/libXdamage.so.1.1.0
7f84c1a3c000-7f84c1c3b000 ---p 00002000 08:06 4595773                    /usr/lib/x86_64-linux-gnu/libXdamage.so.1.1.0
7f84c1c3b000-7f84c1c3c000 r--p 00001000 08:06 4595773                    /usr/lib/x86_64-linux-gnu/libXdamage.so.1.1.0
7f84c1c3c000-7f84c1c3d000 rw-p 00002000 08:06 4595773                    /usr/lib/x86_64-linux-gnu/libXdamage.so.1.1.0
7f84c1c3d000-7f84c1c3f000 r-xp 00000000 08:06 4595769                    /usr/lib/x86_64-linux-gnu/libXcomposite.so.1.0.0
7f84c1c3f000-7f84c1e3e000 ---p 00002000 08:06 4595769                    /usr/lib/x86_64-linux-gnu/libXcomposite.so.1.0.0
7f84c1e3e000-7f84c1e3f000 r--p 00001000 08:06 4595769                    /usr/lib/x86_64-linux-gnu/libXcomposite.so.1.0.0
7f84c1e3f000-7f84c1e40000 rw-p 00002000 08:06 4595769                    /usr/lib/x86_64-linux-gnu/libXcomposite.so.1.0.0
7f84c1e40000-7f84c1e4a000 r-xp 00000000 08:06 4595795                    /usr/lib/x86_64-linux-gnu/libXrandr.so.2.2.0
7f84c1e4a000-7f84c2049000 ---p 0000a000 08:06 4595795                    /usr/lib/x86_64-linux-gnu/libXrandr.so.2.2.0
7f84c2049000-7f84c204a000 r--p 00009000 08:06 4595795                    /usr/lib/x86_64-linux-gnu/libXrandr.so.2.2.0
7f84c204a000-7f84c204b000 rw-p 0000a000 08:06 4595795                    /usr/lib/x86_64-linux-gnu/libXrandr.so.2.2.0
7f84c204b000-7f84c204d000 r-xp 00000000 08:06 4595787                    /usr/lib/x86_64-linux-gnu/libXinerama.so.1.0.0
7f84c204d000-7f84c224c000 ---p 00002000 08:06 4595787                    /usr/lib/x86_64-linux-gnu/libXinerama.so.1.0.0
7f84c224c000-7f84c224d000 r--p 00001000 08:06 4595787                    /usr/lib/x86_64-linux-gnu/libXinerama.so.1.0.0
7f84c224d000-7f84c224e000 rw-p 00002000 08:06 4595787                    /usr/lib/x86_64-linux-gnu/libXinerama.so.1.0.0
7f84c224e000-7f84c228b000 r-xp 00000000 08:06 4590071                    /usr/lib/x86_64-linux-gnu/libfontconfig.so.1.9.0
7f84c228b000-7f84c248a000 ---p 0003d000 08:06 4590071                    /usr/lib/x86_64-linux-gnu/libfontconfig.so.1.9.0
7f84c248a000-7f84c248c000 r--p 0003c000 08:06 4590071                    /usr/lib/x86_64-linux-gnu/libfontconfig.so.1.9.0
7f84c248c000-7f84c2491000 rw-p 0003e000 08:06 4590071                    /usr/lib/x86_64-linux-gnu/libfontconfig.so.1.9.0
7f84c2491000-7f84c25a0000 r-xp 00000000 08:06 4198792                    /lib/x86_64-linux-gnu/libglib-2.0.so.0.4800.2
7f84c25a0000-7f84c279f000 ---p 0010f000 08:06 4198792                    /lib/x86_64-linux-gnu/libglib-2.0.so.0.4800.2
7f84c279f000-7f84c27a0000 r--p 0010e000 08:06 4198792                    /lib/x86_64-linux-gnu/libglib-2.0.so.0.4800.2
7f84c27a0000-7f84c27a1000 rw-p 0010f000 08:06 4198792                    /lib/x86_64-linux-gnu/libglib-2.0.so.0.4800.2
7f84c27a1000-7f84c27a2000 rw-p 00000000 00:00 0 
7f84c27a2000-7f84c27f4000 r-xp 00000000 08:06 4587959                    /usr/lib/x86_64-linux-gnu/libgobject-2.0.so.0.4800.2
7f84c27f4000-7f84c29f3000 ---p 00052000 08:06 4587959                    /usr/lib/x86_64-linux-gnu/libgobject-2.0.so.0.4800.2
7f84c29f3000-7f84c29f4000 r--p 00051000 08:06 4587959                    /usr/lib/x86_64-linux-gnu/libgobject-2.0.so.0.4800.2
7f84c29f4000-7f84c29f5000 rw-p 00052000 08:06 4587959                    /usr/lib/x86_64-linux-gnu/libgobject-2.0.so.0.4800.2
7f84c29f5000-7f84c2a3e000 r-xp 00000000 08:06 4596697                    /usr/lib/x86_64-linux-gnu/libpango-1.0.so.0.3800.1
7f84c2a3e000-7f84c2c3e000 ---p 00049000 08:06 4596697                    /usr/lib/x86_64-linux-gnu/libpango-1.0.so.0.3800.1
7f84c2c3e000-7f84c2c40000 r--p 00049000 08:06 4596697                    /usr/lib/x86_64-linux-gnu/libpango-1.0.so.0.3800.1
7f84c2c40000-7f84c2c41000 rw-p 0004b000 08:06 4596697                    /usr/lib/x86_64-linux-gnu/libpango-1.0.so.0.3800.1
7f84c2c41000-7f84c2c55000 r-xp 00000000 08:06 4596701                    /usr/lib/x86_64-linux-gnu/libpangoft2-1.0.so.0.3800.1
7f84c2c55000-7f84c2e55000 ---p 00014000 08:06 4596701                    /usr/lib/x86_64-linux-gnu/libpangoft2-1.0.so.0.3800.1
7f84c2e55000-7f84c2e56000 r--p 00014000 08:06 4596701                    /usr/lib/x86_64-linux-gnu/libpangoft2-1.0.so.0.3800.1
7f84c2e56000-7f84c2e57000 rw-p 00015000 08:06 4596701                    /usr/lib/x86_64-linux-gnu/libpangoft2-1.0.so.0.3800.1
7f84c2e57000-7f84c2fd7000 r-xp 00000000 08:06 4587962                    /usr/lib/x86_64-linux-gnu/libgio-2.0.so.0.4800.2
7f84c2fd7000-7f84c31d7000 ---p 00180000 08:06 4587962                    /usr/lib/x86_64-linux-gnu/libgio-2.0.so.0.4800.2
7f84c31d7000-7f84c31db000 r--p 00180000 08:06 4587962                    /usr/lib/x86_64-linux-gnu/libgio-2.0.so.0.4800.2
7f84c31db000-7f84c31dd000 rw-p 00184000 08:06 4587962                    /usr/lib/x86_64-linux-gnu/libgio-2.0.so.0.4800.2
7f84c31dd000-7f84c31df000 rw-p 00000000 00:00 0 
7f84c31df000-7f84c3200000 r-xp 00000000 08:06 4590064                    /usr/lib/x86_64-linux-gnu/libgdk_pixbuf-2.0.so.0.3200.2
7f84c3200000-7f84c33ff000 ---p 00021000 08:06 4590064                    /usr/lib/x86_64-linux-gnu/libgdk_pixbuf-2.0.so.0.3200.2
7f84c33ff000-7f84c3400000 r--p 00020000 08:06 4590064                    /usr/lib/x86_64-linux-gnu/libgdk_pixbuf-2.0.so.0.3200.2
7f84c3400000-7f84c3401000 rw-p 00021000 08:06 4590064                    /usr/lib/x86_64-linux-gnu/libgdk_pixbuf-2.0.so.0.3200.2
7f84c3401000-7f84c350f000 r-xp 00000000 08:06 4595925                    /usr/lib/x86_64-linux-gnu/libcairo.so.2.11400.6
7f84c350f000-7f84c370f000 ---p 0010e000 08:06 4595925                    /usr/lib/x86_64-linux-gnu/libcairo.so.2.11400.6
7f84c370f000-7f84c3712000 r--p 0010e000 08:06 4595925                    /usr/lib/x86_64-linux-gnu/libcairo.so.2.11400.6
7f84c3712000-7f84c3713000 rw-p 00111000 08:06 4595925                    /usr/lib/x86_64-linux-gnu/libcairo.so.2.11400.6
7f84c3713000-7f84c3715000 rw-p 00000000 00:00 0 
7f84c3715000-7f84c3737000 r-xp 00000000 08:06 4595868                    /usr/lib/x86_64-linux-gnu/libatk-1.0.so.0.21809.1
7f84c3737000-7f84c3936000 ---p 00022000 08:06 4595868                    /usr/lib/x86_64-linux-gnu/libatk-1.0.so.0.21809.1
7f84c3936000-7f84c3939000 r--p 00021000 08:06 4595868                    /usr/lib/x86_64-linux-gnu/libatk-1.0.so.0.21809.1
7f84c3939000-7f84c393a000 rw-p 00024000 08:06 4595868                    /usr/lib/x86_64-linux-gnu/libatk-1.0.so.0.21809.1
7f84c393a000-7f84c3946000 r-xp 00000000 08:06 4596699                    /usr/lib/x86_64-linux-gnu/libpangocairo-1.0.so.0.3800.1
7f84c3946000-7f84c3b45000 ---p 0000c000 08:06 4596699                    /usr/lib/x86_64-linux-gnu/libpangocairo-1.0.so.0.3800.1
7f84c3b45000-7f84c3b46000 r--p 0000b000 08:06 4596699                    /usr/lib/x86_64-linux-gnu/libpangocairo-1.0.so.0.3800.1
7f84c3b46000-7f84c3b47000 rw-p 0000c000 08:06 4596699                    /usr/lib/x86_64-linux-gnu/libpangocairo-1.0.so.0.3800.1
7f84c3b47000-7f84c3b4a000 r-xp 00000000 08:06 4587914                    /usr/lib/x86_64-linux-gnu/libgmodule-2.0.so.0.4800.2
7f84c3b4a000-7f84c3d49000 ---p 00003000 08:06 4587914                    /usr/lib/x86_64-linux-gnu/libgmodule-2.0.so.0.4800.2
7f84c3d49000-7f84c3d4a000 r--p 00002000 08:06 4587914                    /usr/lib/x86_64-linux-gnu/libgmodule-2.0.so.0.4800.2
7f84c3d4a000-7f84c3d4b000 rw-p 00003000 08:06 4587914                    /usr/lib/x86_64-linux-gnu/libgmodule-2.0.so.0.4800.2
7f84c3d4b000-7f84c3dfb000 r-xp 00000000 08:06 4590605                    /usr/lib/x86_64-linux-gnu/libgdk-x11-2.0.so.0.2400.30
7f84c3dfb000-7f84c3ffa000 ---p 000b0000 08:06 4590605                    /usr/lib/x86_64-linux-gnu/libgdk-x11-2.0.so.0.2400.30
7f84c3ffa000-7f84c3ffe000 r--p 000af000 08:06 4590605                    /usr/lib/x86_64-linux-gnu/libgdk-x11-2.0.so.0.2400.30
7f84c3ffe000-7f84c4000000 rw-p 000b3000 08:06 4590605                    /usr/lib/x86_64-linux-gnu/libgdk-x11-2.0.so.0.2400.30
7f84c4000000-7f84c5c77000 rw-p 00000000 00:00 0 
7f84c5c77000-7f84c8000000 ---p 00000000 00:00 0 
7f84c8000000-7f84c8116000 rw-p 00000000 00:00 0 
7f84c8116000-7f84cc000000 ---p 00000000 00:00 0 
7f84cc000000-7f84cc02d000 rw-p 00000000 00:00 0 
7f84cc02d000-7f84d0000000 ---p 00000000 00:00 0 
7f84d0000000-7f84d0130000 rw-p 00000000 00:00 0 
7f84d0130000-7f84d4000000 ---p 00000000 00:00 0 
7f84d4000000-7f84d4021000 rw-p 00000000 00:00 0 
7f84d4021000-7f84d8000000 ---p 00000000 00:00 0 
7f84d8000000-7f84d8848000 rw-p 00000000 00:00 0 
7f84d8848000-7f84dc000000 ---p 00000000 00:00 0 
7f84dc000000-7f84dc021000 rw-p 00000000 00:00 0 
7f84dc021000-7f84e0000000 ---p 00000000 00:00 0 
7f84e0000000-7f84e02a5000 rw-p 00000000 00:00 0 
7f84e02a5000-7f84e4000000 ---p 00000000 00:00 0 
7f84e4000000-7f84e4021000 rw-p 00000000 00:00 0 
7f84e4021000-7f84e8000000 ---p 00000000 00:00 0 
7f84e8000000-7f84e802e000 rw-p 00000000 00:00 0 
7f84e802e000-7f84ec000000 ---p 00000000 00:00 0 
7f84ec000000-7f84ec63f000 rw-p 00000000 00:00 0 
7f84ec63f000-7f84f0000000 ---p 00000000 00:00 0 
7f84f0000000-7f84f0030000 rw-p 00000000 00:00 0 
7f84f0030000-7f84f4000000 ---p 00000000 00:00 0 
7f84f4000000-7f84f4021000 rw-p 00000000 00:00 0 
7f84f4021000-7f84f8000000 ---p 00000000 00:00 0 
7f84f8000000-7f84f8042000 rw-p 00000000 00:00 0 
7f84f8042000-7f84fc000000 ---p 00000000 00:00 0 
7f84fc000000-7f84fc021000 rw-p 00000000 00:00 0 
7f84fc021000-7f8500000000 ---p 00000000 00:00 0 
7f8500000000-7f8500021000 rw-p 00000000 00:00 0 
7f8500021000-7f8504000000 ---p 00000000 00:00 0 
7f8504000000-7f85051f1000 rw-p 00000000 00:00 0 
7f85051f1000-7f8508000000 ---p 00000000 00:00 0 
7f8508000000-7f8508021000 rw-p 00000000 00:00 0 
7f8508021000-7f850c000000 ---p 00000000 00:00 0 
7f850c000000-7f850d82e000 rw-p 00000000 00:00 0 
7f850d82e000-7f8510000000 ---p 00000000 00:00 0 
7f8510000000-7f851152c000 rw-p 00000000 00:00 0 
7f851152c000-7f8514000000 ---p 00000000 00:00 0 
7f8514000000-7f8514021000 rw-p 00000000 00:00 0 
7f8514021000-7f8518000000 ---p 00000000 00:00 0 
7f8518000000-7f8518021000 rw-p 00000000 00:00 0 
7f8518021000-7f851c000000 ---p 00000000 00:00 0 
7f851c000000-7f851c11b000 rw-p 00000000 00:00 0 
7f851c11b000-7f8520000000 ---p 00000000 00:00 0 
7f8520000000-7f8520021000 rw-p 00000000 00:00 0 
7f8520021000-7f8524000000 ---p 00000000 00:00 0 
7f8524000000-7f852402a000 rw-p 00000000 00:00 0 
7f852402a000-7f8528000000 ---p 00000000 00:00 0 
7f85280e0000-7f8528168000 rw-s 00000000 00:05 264372253                  /SYSV00000000 (deleted)
7f8528168000-7f85285a6000 r-xp 00000000 08:06 4590607                    /usr/lib/x86_64-linux-gnu/libgtk-x11-2.0.so.0.2400.30
7f85285a6000-7f85287a5000 ---p 0043e000 08:06 4590607                    /usr/lib/x86_64-linux-gnu/libgtk-x11-2.0.so.0.2400.30
7f85287a5000-7f85287ac000 r--p 0043d000 08:06 4590607                    /usr/lib/x86_64-linux-gnu/libgtk-x11-2.0.so.0.2400.30
7f85287ac000-7f85287b0000 rw-p 00444000 08:06 4590607                    /usr/lib/x86_64-linux-gnu/libgtk-x11-2.0.so.0.2400.30
7f85287b0000-7f85289b3000 rw-p 00000000 00:00 0 
7f85289b3000-7f85289ca000 r-xp 00000000 08:06 4614076                    /usr/local/netbeans-8.2/platform/modules/lib/amd64/linux/libjnidispatch-422.so
7f85289ca000-7f8528ac9000 ---p 00017000 08:06 4614076                    /usr/local/netbeans-8.2/platform/modules/lib/amd64/linux/libjnidispatch-422.so
7f8528ac9000-7f8528acb000 rw-p 00016000 08:06 4614076                    /usr/local/netbeans-8.2/platform/modules/lib/amd64/linux/libjnidispatch-422.so
7f8528acb000-7f8528ace000 ---p 00000000 00:00 0 
7f8528ace000-7f8528ccc000 rw-p 00000000 00:00 0 
7f8528ccc000-7f8528ccf000 ---p 00000000 00:00 0 
7f8528ccf000-7f8528ecd000 rw-p 00000000 00:00 0 
7f8528ecd000-7f8528ed0000 ---p 00000000 00:00 0 
7f8528ed0000-7f85290ce000 rw-p 00000000 00:00 0 
7f85290ce000-7f85290d1000 ---p 00000000 00:00 0 
7f85290d1000-7f85292cf000 rw-p 00000000 00:00 0 
7f85292cf000-7f85292d2000 ---p 00000000 00:00 0 
7f85292d2000-7f85294d0000 rw-p 00000000 00:00 0 
7f85294d0000-7f85294d3000 ---p 00000000 00:00 0 
7f85294d3000-7f85296d1000 rw-p 00000000 00:00 0 
7f85296d1000-7f85296d4000 ---p 00000000 00:00 0 
7f85296d4000-7f85298d2000 rw-p 00000000 00:00 0 
7f85298d2000-7f85298d5000 ---p 00000000 00:00 0 
7f85298d5000-7f8529cd3000 rw-p 00000000 00:00 0 
7f8529cd3000-7f8529cd6000 ---p 00000000 00:00 0 
7f8529cd6000-7f852a0d4000 rw-p 00000000 00:00 0 
7f852a0d4000-7f852a2d4000 rw-p 00000000 00:00 0 
7f852a2d4000-7f852a33d000 r-xp 00000000 08:06 5246733                    /usr/lib/jvm/java-8-oracle/jre/lib/amd64/libt2k.so
7f852a33d000-7f852a53d000 ---p 00069000 08:06 5246733                    /usr/lib/jvm/java-8-oracle/jre/lib/amd64/libt2k.so
7f852a53d000-7f852a544000 rw-p 00069000 08:06 5246733                    /usr/lib/jvm/java-8-oracle/jre/lib/amd64/libt2k.so
7f852a544000-7f852a754000 rw-p 00000000 00:00 0 
7f852a754000-7f852a757000 ---p 00000000 00:00 0 
7f852a757000-7f852a955000 rw-p 00000000 00:00 0 
7f852a955000-7f852a958000 ---p 00000000 00:00 0 
7f852a958000-7f852ab56000 rw-p 00000000 00:00 0 
7f852ab56000-7f852ab59000 ---p 00000000 00:00 0 
7f852ab59000-7f852ad57000 rw-p 00000000 00:00 0 
7f852ad57000-7f852ad5a000 ---p 00000000 00:00 0 
7f852ad5a000-7f852b158000 rw-p 00000000 00:00 0 
7f852b158000-7f852b16e000 r-xp 00000000 08:06 4198903                    /lib/x86_64-linux-gnu/libgcc_s.so.1
7f852b16e000-7f852b36d000 ---p 00016000 08:06 4198903                    /lib/x86_64-linux-gnu/libgcc_s.so.1
7f852b36d000-7f852b36e000 rw-p 00015000 08:06 4198903                    /lib/x86_64-linux-gnu/libgcc_s.so.1
7f852b36e000-7f852b3d3000 r-xp 00000000 08:06 5246745                    /usr/lib/jvm/java-8-oracle/jre/lib/amd64/libfontmanager.so
7f852b3d3000-7f852b5d2000 ---p 00065000 08:06 5246745                    /usr/lib/jvm/java-8-oracle/jre/lib/amd64/libfontmanager.so
7f852b5d2000-7f852b5d7000 rw-p 00064000 08:06 5246745                    /usr/lib/jvm/java-8-oracle/jre/lib/amd64/libfontmanager.so
7f852b5d7000-7f852b5e7000 rw-p 00000000 00:00 0 
7f852b5e7000-7f852b5ea000 ---p 00000000 00:00 0 
7f852b5ea000-7f852b7e8000 rw-p 00000000 00:00 0 
7f852b7e8000-7f852b7eb000 ---p 00000000 00:00 0 
7f852b7eb000-7f852b9e9000 rw-p 00000000 00:00 0 
7f852b9e9000-7f852b9ec000 ---p 00000000 00:00 0 
7f852b9ec000-7f852bbea000 rw-p 00000000 00:00 0 
7f852bbea000-7f852bbf9000 r-xp 00000000 08:06 4595785                    /usr/lib/x86_64-linux-gnu/libXi.so.6.1.0
7f852bbf9000-7f852bdf8000 ---p 0000f000 08:06 4595785                    /usr/lib/x86_64-linux-gnu/libXi.so.6.1.0
7f852bdf8000-7f852bdf9000 r--p 0000e000 08:06 4595785                    /usr/lib/x86_64-linux-gnu/libXi.so.6.1.0
7f852bdf9000-7f852bdfa000 rw-p 0000f000 08:06 4595785                    /usr/lib/x86_64-linux-gnu/libXi.so.6.1.0
7f852bdfa000-7f852bdff000 r-xp 00000000 08:06 4595803                    /usr/lib/x86_64-linux-gnu/libXtst.so.6.1.0
7f852bdff000-7f852bffe000 ---p 00005000 08:06 4595803                    /usr/lib/x86_64-linux-gnu/libXtst.so.6.1.0
7f852bffe000-7f852bfff000 r--p 00004000 08:06 4595803                    /usr/lib/x86_64-linux-gnu/libXtst.so.6.1.0
7f852bfff000-7f852c000000 rw-p 00005000 08:06 4595803                    /usr/lib/x86_64-linux-gnu/libXtst.so.6.1.0
7f852c000000-7f852c03f000 rw-p 00000000 00:00 0 
7f852c03f000-7f8530000000 ---p 00000000 00:00 0 
7f8530000000-7f8530021000 rw-p 00000000 00:00 0 
7f8530021000-7f8534000000 ---p 00000000 00:00 0 
7f8534000000-7f8534028000 rw-p 00000000 00:00 0 
7f8534028000-7f8538000000 ---p 00000000 00:00 0 
7f8538055000-7f853805c000 r--s 00000000 08:06 4720779                    /var/cache/fontconfig/4be9850f182b35c1350b6bbf2e42601c-le64.cache-6
7f853805c000-7f853817b000 r--s 00000000 08:06 4732737                    /usr/local/netbeans-8.2/nb/var/cache/all-layers.dat
7f853817b000-7f85381cf000 r-xp 00000000 08:06 5246771                    /usr/lib/jvm/java-8-oracle/jre/lib/amd64/libawt_xawt.so
7f85381cf000-7f85383cf000 ---p 00054000 08:06 5246771                    /usr/lib/jvm/java-8-oracle/jre/lib/amd64/libawt_xawt.so
7f85383cf000-7f85383d3000 rw-p 00054000 08:06 5246771                    /usr/lib/jvm/java-8-oracle/jre/lib/amd64/libawt_xawt.so
7f85383d3000-7f85383d4000 rw-p 00000000 00:00 0 
7f85383d4000-7f8538476000 r-xp 00000000 08:06 5246757                    /usr/lib/jvm/java-8-oracle/jre/lib/amd64/libawt.so
7f8538476000-7f8538676000 ---p 000a2000 08:06 5246757                    /usr/lib/jvm/java-8-oracle/jre/lib/amd64/libawt.so
7f8538676000-7f8538682000 rw-p 000a2000 08:06 5246757                    /usr/lib/jvm/java-8-oracle/jre/lib/amd64/libawt.so
7f8538682000-7f85386a6000 rw-p 00000000 00:00 0 
7f85386a6000-7f85386a9000 ---p 00000000 00:00 0 
7f85386a9000-7f853b8cc000 rw-p 00000000 00:00 0 
7f853b8cc000-7f853b8cf000 ---p 00000000 00:00 0 
7f853b8cf000-7f853bdce000 rw-p 00000000 00:00 0 
7f853bdce000-7f853bde4000 r-xp 00000000 08:06 5246764                    /usr/lib/jvm/java-8-oracle/jre/lib/amd64/libnet.so
7f853bde4000-7f853bfe4000 ---p 00016000 08:06 5246764                    /usr/lib/jvm/java-8-oracle/jre/lib/amd64/libnet.so
7f853bfe4000-7f853bfe5000 rw-p 00016000 08:06 5246764                    /usr/lib/jvm/java-8-oracle/jre/lib/amd64/libnet.so
7f853bfe5000-7f853bff6000 r-xp 00000000 08:06 5246767                    /usr/lib/jvm/java-8-oracle/jre/lib/amd64/libnio.so
7f853bff6000-7f853c1f5000 ---p 00011000 08:06 5246767                    /usr/lib/jvm/java-8-oracle/jre/lib/amd64/libnio.so
7f853c1f5000-7f853c1f6000 rw-p 00010000 08:06 5246767                    /usr/lib/jvm/java-8-oracle/jre/lib/amd64/libnio.so
7f853c1f6000-7f853c1f7000 ---p 00000000 00:00 0 
7f853c1f7000-7f853c2f7000 rw-p 00000000 00:00 0 
7f853c2f7000-7f853c2fa000 ---p 00000000 00:00 0 
7f853c2fa000-7f853c4f8000 rw-p 00000000 00:00 0 
7f853c4f8000-7f853c4fb000 ---p 00000000 00:00 0 
7f853c4fb000-7f853c5f9000 rw-p 00000000 00:00 0 
7f853c5f9000-7f853c5fc000 ---p 00000000 00:00 0 
7f853c5fc000-7f853c6fa000 rw-p 00000000 00:00 0 
7f853c6fa000-7f853c6fd000 ---p 00000000 00:00 0 
7f853c6fd000-7f853c7fb000 rw-p 00000000 00:00 0 
7f853c7fb000-7f853c7fe000 ---p 00000000 00:00 0 
7f853c7fe000-7f853c9fc000 rw-p 00000000 00:00 0 
7f853c9fc000-7f853c9ff000 ---p 00000000 00:00 0 
7f853c9ff000-7f853cbfd000 rw-p 00000000 00:00 0 
7f853cbfd000-7f853cc00000 ---p 00000000 00:00 0 
7f853cc00000-7f853cdfe000 rw-p 00000000 00:00 0 
7f853cdfe000-7f853cdff000 ---p 00000000 00:00 0 
7f853cdff000-7f853d000000 rw-p 00000000 00:00 0 
7f853d000000-7f853dea0000 rwxp 00000000 00:00 0 
7f853dea0000-7f854c000000 ---p 00000000 00:00 0 
7f854c000000-7f854c82f000 rw-p 00000000 00:00 0 
7f854c82f000-7f8550000000 ---p 00000000 00:00 0 
7f8550001000-7f8550003000 r--s 00000000 08:06 4720778                    /var/cache/fontconfig/30a99c4256905863f7aa12b5e873c27c-le64.cache-6
7f8550003000-7f855000e000 r--s 00000000 08:06 4719589                    /var/cache/fontconfig/945677eb7aeaf62f1d50efc3fb3ec7d8-le64.cache-6
7f855000e000-7f8550014000 r--s 00000000 08:06 4719587                    /var/cache/fontconfig/2cd17615ca594fa2959ae173292e504c-le64.cache-6
7f8550014000-7f8550e22000 rw-p 00000000 00:00 0 
7f8550e22000-7f8550ffb000 r--s 03d40000 08:06 5246706                    /usr/lib/jvm/java-8-oracle/jre/lib/rt.jar
7f8550ffb000-7f85539fb000 rw-p 00000000 00:00 0 
7f85539fb000-7f85539fc000 ---p 00000000 00:00 0 
7f85539fc000-7f8553afc000 rw-p 00000000 00:00 0 
7f8553afc000-7f8553afd000 ---p 00000000 00:00 0 
7f8553afd000-7f8553bfd000 rw-p 00000000 00:00 0 
7f8553bfd000-7f8553bfe000 ---p 00000000 00:00 0 
7f8553bfe000-7f8553cfe000 rw-p 00000000 00:00 0 
7f8553cfe000-7f8553cff000 ---p 00000000 00:00 0 
7f8553cff000-7f8553e43000 rw-p 00000000 00:00 0 
7f8553e43000-7f8553f54000 ---p 00000000 00:00 0 
7f8553f54000-7f8553f8f000 rw-p 00000000 00:00 0 
7f8553f8f000-7f8553fff000 ---p 00000000 00:00 0 
7f8553fff000-7f8554000000 rw-p 00000000 00:00 0 
7f8554000000-7f8554174000 rw-p 00000000 00:00 0 
7f8554174000-7f8558000000 ---p 00000000 00:00 0 
7f8558000000-7f8558001000 r--s 00000000 08:06 4720777                    /var/cache/fontconfig/087e1975ba9a574b140bb1df193bf770-le64.cache-6
7f8558001000-7f8558005000 r--s 00000000 08:06 4720526                    /var/cache/fontconfig/6aa41aa22e18b8fa06a12da28ea9c28b-le64.cache-6
7f8558005000-7f8558006000 r--s 00000000 08:06 4719586                    /var/cache/fontconfig/0d8c3b2ac0904cb8a57a757ad11a4a08-le64.cache-6
7f8558006000-7f855800a000 r--s 00000000 08:06 4733498                    /var/cache/fontconfig/de156ccd2eddbdc19d37a45b8b2aac9c-le64.cache-6
7f855800a000-7f855801f000 r--s 00000000 08:06 4719585                    /var/cache/fontconfig/04aabc0a78ac019cf9454389977116d2-le64.cache-6
7f855801f000-7f8558020000 r--s 00000000 08:06 4719584                    /var/cache/fontconfig/1ac9eb803944fde146138c791f5cc56a-le64.cache-6
7f8558020000-7f8558021000 r--s 00000000 08:06 4720776                    /var/cache/fontconfig/b95bc8ffbebda2bbdae4265e45b8178d-le64.cache-6
7f8558021000-7f8558025000 r--s 00000000 08:06 4719583                    /var/cache/fontconfig/385c0604a188198f04d133e54aba7fe7-le64.cache-6
7f8558025000-7f8558026000 r--s 00000000 08:06 4720774                    /var/cache/fontconfig/9c956a7723ca69a44b382d9179c9802f-le64.cache-6
7f8558026000-7f8558027000 r--s 00000000 08:06 4719582                    /var/cache/fontconfig/dc05db6664285cc2f12bf69c139ae4c3-le64.cache-6
7f8558027000-7f8558028000 r--s 00000000 08:06 4720772                    /var/cache/fontconfig/5d1cca7074f29429a8d18692746c2426-le64.cache-6
7f8558028000-7f855802b000 r--s 00000000 08:06 4719564                    /var/cache/fontconfig/767a8244fc0220cfb567a839d0392e0b-le64.cache-6
7f855802b000-7f855802c000 r--s 00000000 08:06 4720502                    /var/cache/fontconfig/4794a0821666d79190d59a36cb4f44b5-le64.cache-6
7f855802c000-7f855802d000 r--s 00000000 08:06 4720771                    /var/cache/fontconfig/9eae20f1ff8cc0a7d125749e875856bd-le64.cache-6
7f855802d000-7f8558030000 r--s 00000000 08:06 4720770                    /var/cache/fontconfig/bf2c1853a9e9b00bb02fe2e9bcf1e201-le64.cache-6
7f8558030000-7f8558035000 r--s 00000000 08:06 4719580                    /var/cache/fontconfig/8801497958630a81b71ace7c5f9b32a8-le64.cache-6
7f8558035000-7f8558039000 r--s 00000000 08:06 4733497                    /var/cache/fontconfig/c57959a16110560c8d0fcea73374aeeb-le64.cache-6
7f8558039000-7f855803a000 r--s 00000000 08:06 4719579                    /var/cache/fontconfig/bab58bb527bb656aaa9f116d68a48d89-le64.cache-6
7f855803a000-7f8558041000 r--s 00000000 08:06 4719578                    /var/cache/fontconfig/3047814df9a2f067bd2d96a2b9c36e5a-le64.cache-6
7f8558041000-7f8558049000 r--s 00000000 08:06 4719577                    /var/cache/fontconfig/bf3b770c553c462765856025a94f1ce6-le64.cache-6
7f8558049000-7f855804a000 r--s 00000000 08:06 4719576                    /var/cache/fontconfig/56cf4f4769d0f4abc89a4895d7bd3ae1-le64.cache-6
7f855804a000-7f855804b000 r--s 00000000 08:06 4719575                    /var/cache/fontconfig/b9d506c9ac06c20b433354fa67a72993-le64.cache-6
7f855804b000-7f8558051000 r--s 00000000 08:06 4719574                    /var/cache/fontconfig/b47c4e1ecd0709278f4910c18777a504-le64.cache-6
7f8558051000-7f8558054000 r--s 00000000 08:06 4720769                    /var/cache/fontconfig/14d493b97896515cad3840ba4896e372-le64.cache-6
7f8558054000-7f8558057000 r--s 00000000 08:06 4720767                    /var/cache/fontconfig/e49e89034d371f0f9de17aab02136486-le64.cache-6
7f8558057000-7f8558059000 r--s 00000000 08:06 4720766                    /var/cache/fontconfig/4b14b093aebc79c320de5e86ae1d3314-le64.cache-6
7f8558059000-7f855805a000 r--s 00000000 08:06 4720763                    /var/cache/fontconfig/8aec10f4cc8391dcef22ca549f1e4354-le64.cache-6
7f855805a000-7f855806d000 r--s 00000000 08:06 4719573                    /var/cache/fontconfig/d52a8644073d54c13679302ca1180695-le64.cache-6
7f855806d000-7f855806e000 r--s 00000000 08:06 4719572                    /var/cache/fontconfig/551ecf3b0e8b0bca0f25c0944f561853-le64.cache-6
7f855806e000-7f855806f000 r--s 00000000 08:06 4720762                    /var/cache/fontconfig/8a687c406b77f27d99abfeeba937fcce-le64.cache-6
7f855806f000-7f8558074000 r--s 00000000 08:06 4720761                    /var/cache/fontconfig/75ad6aa2358a85f0de2c8ee4837e8227-le64.cache-6
7f8558074000-7f8558075000 r--s 00000000 08:06 4720759                    /var/cache/fontconfig/ac2cf712d852da827a87a9baf682f5b9-le64.cache-6
7f8558075000-7f8558077000 r--s 00000000 08:06 4720758                    /var/cache/fontconfig/65f976e5259cbe6dc7697b8648396239-le64.cache-6
7f8558077000-7f8558082000 r--s 00000000 08:06 4720756                    /var/cache/fontconfig/d589a48862398ed80a3d6066f4f56f4c-le64.cache-6
7f8558082000-7f8558086000 r--s 00000000 08:06 4720755                    /var/cache/fontconfig/246184dc75a16901ca37d96895904249-le64.cache-6
7f8558086000-7f8558087000 r--s 00000000 08:06 4720754                    /var/cache/fontconfig/94f7fe9bd33aadfac165873bd010d595-le64.cache-6
7f8558087000-7f8558089000 r--s 00000000 08:06 4720753                    /var/cache/fontconfig/423767150eb258c59035de29db6fca84-le64.cache-6
7f8558089000-7f855808a000 r--s 00000000 08:06 4720752                    /var/cache/fontconfig/845c20fd2c4814bcec78e05d37a63ccc-le64.cache-6
7f855808a000-7f855808b000 r--s 00000000 08:06 4720751                    /var/cache/fontconfig/e7de81b01590fb7e12b38e274e17d0db-le64.cache-6
7f855808b000-7f855808c000 r--s 00000000 08:06 4720748                    /var/cache/fontconfig/406a1d2d2bf3ed7664fbadefac0b2f66-le64.cache-6
7f855808c000-7f855808e000 r--s 00000000 08:06 4720743                    /var/cache/fontconfig/67709b7835c0f764c1135060c9575660-le64.cache-6
7f855808e000-7f855808f000 r--s 00000000 08:06 4719570                    /var/cache/fontconfig/30829fa25452a46451e813d634d7f916-le64.cache-6
7f855808f000-7f855809d000 r--s 00000000 08:06 4720742                    /var/cache/fontconfig/198d8fcf01c96d0cf813f74fd759bdb7-le64.cache-6
7f855809d000-7f855809e000 r--s 00000000 08:06 4719569                    /var/cache/fontconfig/0c9eb80ebd1c36541ebe2852d3bb0c49-le64.cache-6
7f855809e000-7f85580e2000 rw-p 00000000 00:00 0 
7f85580e2000-7f85581f4000 ---p 00000000 00:00 0 
7f85581f4000-7f855822f000 rw-p 00000000 00:00 0 
7f855822f000-7f85585b4000 ---p 00000000 00:00 0 
7f85585b4000-7f85585ce000 r-xp 00000000 08:06 5246760                    /usr/lib/jvm/java-8-oracle/jre/lib/amd64/libzip.so
7f85585ce000-7f85587ce000 ---p 0001a000 08:06 5246760                    /usr/lib/jvm/java-8-oracle/jre/lib/amd64/libzip.so
7f85587ce000-7f85587cf000 rw-p 0001a000 08:06 5246760                    /usr/lib/jvm/java-8-oracle/jre/lib/amd64/libzip.so
7f85587cf000-7f85587da000 r-xp 00000000 08:06 4204270                    /lib/x86_64-linux-gnu/libnss_files-2.23.so
7f85587da000-7f85589d9000 ---p 0000b000 08:06 4204270                    /lib/x86_64-linux-gnu/libnss_files-2.23.so
7f85589d9000-7f85589da000 r--p 0000a000 08:06 4204270                    /lib/x86_64-linux-gnu/libnss_files-2.23.so
7f85589da000-7f85589db000 rw-p 0000b000 08:06 4204270                    /lib/x86_64-linux-gnu/libnss_files-2.23.so
7f85589db000-7f85589e1000 rw-p 00000000 00:00 0 
7f85589e1000-7f85589ec000 r-xp 00000000 08:06 4204273                    /lib/x86_64-linux-gnu/libnss_nis-2.23.so
7f85589ec000-7f8558beb000 ---p 0000b000 08:06 4204273                    /lib/x86_64-linux-gnu/libnss_nis-2.23.so
7f8558beb000-7f8558bec000 r--p 0000a000 08:06 4204273                    /lib/x86_64-linux-gnu/libnss_nis-2.23.so
7f8558bec000-7f8558bed000 rw-p 0000b000 08:06 4204273                    /lib/x86_64-linux-gnu/libnss_nis-2.23.so
7f8558bed000-7f8558c03000 r-xp 00000000 08:06 4198955                    /lib/x86_64-linux-gnu/libnsl-2.23.so
7f8558c03000-7f8558e02000 ---p 00016000 08:06 4198955                    /lib/x86_64-linux-gnu/libnsl-2.23.so
7f8558e02000-7f8558e03000 r--p 00015000 08:06 4198955                    /lib/x86_64-linux-gnu/libnsl-2.23.so
7f8558e03000-7f8558e04000 rw-p 00016000 08:06 4198955                    /lib/x86_64-linux-gnu/libnsl-2.23.so
7f8558e04000-7f8558e06000 rw-p 00000000 00:00 0 
7f8558e06000-7f8558e0e000 r-xp 00000000 08:06 4204279                    /lib/x86_64-linux-gnu/libnss_compat-2.23.so
7f8558e0e000-7f855900d000 ---p 00008000 08:06 4204279                    /lib/x86_64-linux-gnu/libnss_compat-2.23.so
7f855900d000-7f855900e000 r--p 00007000 08:06 4204279                    /lib/x86_64-linux-gnu/libnss_compat-2.23.so
7f855900e000-7f855900f000 rw-p 00008000 08:06 4204279                    /lib/x86_64-linux-gnu/libnss_compat-2.23.so
7f855900f000-7f855903a000 r-xp 00000000 08:06 5246754                    /usr/lib/jvm/java-8-oracle/jre/lib/amd64/libjava.so
7f855903a000-7f8559239000 ---p 0002b000 08:06 5246754                    /usr/lib/jvm/java-8-oracle/jre/lib/amd64/libjava.so
7f8559239000-7f855923b000 rw-p 0002a000 08:06 5246754                    /usr/lib/jvm/java-8-oracle/jre/lib/amd64/libjava.so
7f855923b000-7f8559248000 r-xp 00000000 08:06 5246759                    /usr/lib/jvm/java-8-oracle/jre/lib/amd64/libverify.so
7f8559248000-7f8559447000 ---p 0000d000 08:06 5246759                    /usr/lib/jvm/java-8-oracle/jre/lib/amd64/libverify.so
7f8559447000-7f8559449000 rw-p 0000c000 08:06 5246759                    /usr/lib/jvm/java-8-oracle/jre/lib/amd64/libverify.so
7f8559449000-7f8559450000 r-xp 00000000 08:06 4204275                    /lib/x86_64-linux-gnu/librt-2.23.so
7f8559450000-7f855964f000 ---p 00007000 08:06 4204275                    /lib/x86_64-linux-gnu/librt-2.23.so
7f855964f000-7f8559650000 r--p 00006000 08:06 4204275                    /lib/x86_64-linux-gnu/librt-2.23.so
7f8559650000-7f8559651000 rw-p 00007000 08:06 4204275                    /lib/x86_64-linux-gnu/librt-2.23.so
7f8559651000-7f8559656000 r-xp 00000000 08:06 4595779                    /usr/lib/x86_64-linux-gnu/libXfixes.so.3.1.0
7f8559656000-7f8559855000 ---p 00005000 08:06 4595779                    /usr/lib/x86_64-linux-gnu/libXfixes.so.3.1.0
7f8559855000-7f8559856000 r--p 00004000 08:06 4595779                    /usr/lib/x86_64-linux-gnu/libXfixes.so.3.1.0
7f8559856000-7f8559857000 rw-p 00005000 08:06 4595779                    /usr/lib/x86_64-linux-gnu/libXfixes.so.3.1.0
7f8559857000-7f8559860000 r-xp 00000000 08:06 4595797                    /usr/lib/x86_64-linux-gnu/libXrender.so.1.3.0
7f8559860000-7f8559a5f000 ---p 00009000 08:06 4595797                    /usr/lib/x86_64-linux-gnu/libXrender.so.1.3.0
7f8559a5f000-7f8559a60000 r--p 00008000 08:06 4595797                    /usr/lib/x86_64-linux-gnu/libXrender.so.1.3.0
7f8559a60000-7f8559a61000 rw-p 00009000 08:06 4595797                    /usr/lib/x86_64-linux-gnu/libXrender.so.1.3.0
7f8559a61000-7f8559a64000 ---p 00000000 00:00 0 
7f8559a64000-7f8559c62000 rw-p 00000000 00:00 0 
7f8559c62000-7f8559c6b000 r-xp 00000000 08:06 4595771                    /usr/lib/x86_64-linux-gnu/libXcursor.so.1.0.2
7f8559c6b000-7f8559e6a000 ---p 00009000 08:06 4595771                    /usr/lib/x86_64-linux-gnu/libXcursor.so.1.0.2
7f8559e6a000-7f8559e6b000 r--p 00008000 08:06 4595771                    /usr/lib/x86_64-linux-gnu/libXcursor.so.1.0.2
7f8559e6b000-7f8559e6c000 rw-p 00009000 08:06 4595771                    /usr/lib/x86_64-linux-gnu/libXcursor.so.1.0.2
7f8559e6c000-7f855a145000 r--p 00000000 08:06 4617161                    /usr/lib/locale/locale-archive
7f855a145000-7f855a146000 ---p 00000000 00:00 0 
7f855a146000-7f855a946000 rw-p 00000000 00:00 0 
7f855a946000-7f855a94b000 r-xp 00000000 08:06 4595775                    /usr/lib/x86_64-linux-gnu/libXdmcp.so.6.0.0
7f855a94b000-7f855ab4a000 ---p 00005000 08:06 4595775                    /usr/lib/x86_64-linux-gnu/libXdmcp.so.6.0.0
7f855ab4a000-7f855ab4b000 r--p 00004000 08:06 4595775                    /usr/lib/x86_64-linux-gnu/libXdmcp.so.6.0.0
7f855ab4b000-7f855ab4c000 rw-p 00005000 08:06 4595775                    /usr/lib/x86_64-linux-gnu/libXdmcp.so.6.0.0
7f855ab4c000-7f855ab4e000 r-xp 00000000 08:06 4595764                    /usr/lib/x86_64-linux-gnu/libXau.so.6.0.0
7f855ab4e000-7f855ad4e000 ---p 00002000 08:06 4595764                    /usr/lib/x86_64-linux-gnu/libXau.so.6.0.0
7f855ad4e000-7f855ad4f000 r--p 00002000 08:06 4595764                    /usr/lib/x86_64-linux-gnu/libXau.so.6.0.0
7f855ad4f000-7f855ad50000 rw-p 00003000 08:06 4595764                    /usr/lib/x86_64-linux-gnu/libXau.so.6.0.0
7f855ad50000-7f855ad71000 r-xp 00000000 08:06 4597142                    /usr/lib/x86_64-linux-gnu/libxcb.so.1.1.0
7f855ad71000-7f855af70000 ---p 00021000 08:06 4597142                    /usr/lib/x86_64-linux-gnu/libxcb.so.1.1.0
7f855af70000-7f855af71000 r--p 00020000 08:06 4597142                    /usr/lib/x86_64-linux-gnu/libxcb.so.1.1.0
7f855af71000-7f855af72000 rw-p 00021000 08:06 4597142                    /usr/lib/x86_64-linux-gnu/libxcb.so.1.1.0
7f855af72000-7f855af83000 r-xp 00000000 08:06 4595777                    /usr/lib/x86_64-linux-gnu/libXext.so.6.4.0
7f855af83000-7f855b182000 ---p 00011000 08:06 4595777                    /usr/lib/x86_64-linux-gnu/libXext.so.6.4.0
7f855b182000-7f855b183000 r--p 00010000 08:06 4595777                    /usr/lib/x86_64-linux-gnu/libXext.so.6.4.0
7f855b183000-7f855b184000 rw-p 00011000 08:06 4595777                    /usr/lib/x86_64-linux-gnu/libXext.so.6.4.0
7f855b184000-7f855b2b9000 r-xp 00000000 08:06 4595760                    /usr/lib/x86_64-linux-gnu/libX11.so.6.3.0
7f855b2b9000-7f855b4b9000 ---p 00135000 08:06 4595760                    /usr/lib/x86_64-linux-gnu/libX11.so.6.3.0
7f855b4b9000-7f855b4ba000 r--p 00135000 08:06 4595760                    /usr/lib/x86_64-linux-gnu/libX11.so.6.3.0
7f855b4ba000-7f855b4be000 rw-p 00136000 08:06 4595760                    /usr/lib/x86_64-linux-gnu/libX11.so.6.3.0
7f855b4be000-7f855b51f000 r-xp 00000000 08:06 5246776                    /usr/lib/jvm/java-8-oracle/jre/lib/amd64/libsplashscreen.so
7f855b51f000-7f855b71f000 ---p 00061000 08:06 5246776                    /usr/lib/jvm/java-8-oracle/jre/lib/amd64/libsplashscreen.so
7f855b71f000-7f855b720000 rw-p 00061000 08:06 5246776                    /usr/lib/jvm/java-8-oracle/jre/lib/amd64/libsplashscreen.so
7f855b720000-7f855b723000 rw-p 00000000 00:00 0 
7f855b723000-7f855b82b000 r-xp 00000000 08:06 4204284                    /lib/x86_64-linux-gnu/libm-2.23.so
7f855b82b000-7f855ba2a000 ---p 00108000 08:06 4204284                    /lib/x86_64-linux-gnu/libm-2.23.so
7f855ba2a000-7f855ba2b000 r--p 00107000 08:06 4204284                    /lib/x86_64-linux-gnu/libm-2.23.so
7f855ba2b000-7f855ba2c000 rw-p 00108000 08:06 4204284                    /lib/x86_64-linux-gnu/libm-2.23.so
7f855ba2c000-7f855c6fb000 r-xp 00000000 08:06 5246782                    /usr/lib/jvm/java-8-oracle/jre/lib/amd64/server/libjvm.so
7f855c6fb000-7f855c8fb000 ---p 00ccf000 08:06 5246782                    /usr/lib/jvm/java-8-oracle/jre/lib/amd64/server/libjvm.so
7f855c8fb000-7f855c9d4000 rw-p 00ccf000 08:06 5246782                    /usr/lib/jvm/java-8-oracle/jre/lib/amd64/server/libjvm.so
7f855c9d4000-7f855ca1f000 rw-p 00000000 00:00 0 
7f855ca1f000-7f855cbdf000 r-xp 00000000 08:06 4204289                    /lib/x86_64-linux-gnu/libc-2.23.so
7f855cbdf000-7f855cddf000 ---p 001c0000 08:06 4204289                    /lib/x86_64-linux-gnu/libc-2.23.so
7f855cddf000-7f855cde3000 r--p 001c0000 08:06 4204289                    /lib/x86_64-linux-gnu/libc-2.23.so
7f855cde3000-7f855cde5000 rw-p 001c4000 08:06 4204289                    /lib/x86_64-linux-gnu/libc-2.23.so
7f855cde5000-7f855cde9000 rw-p 00000000 00:00 0 
7f855cde9000-7f855cdec000 r-xp 00000000 08:06 4204278                    /lib/x86_64-linux-gnu/libdl-2.23.so
7f855cdec000-7f855cfeb000 ---p 00003000 08:06 4204278                    /lib/x86_64-linux-gnu/libdl-2.23.so
7f855cfeb000-7f855cfec000 r--p 00002000 08:06 4204278                    /lib/x86_64-linux-gnu/libdl-2.23.so
7f855cfec000-7f855cfed000 rw-p 00003000 08:06 4204278                    /lib/x86_64-linux-gnu/libdl-2.23.so
7f855cfed000-7f855d002000 r-xp 00000000 08:06 5247017                    /usr/lib/jvm/java-8-oracle/lib/amd64/jli/libjli.so
7f855d002000-7f855d202000 ---p 00015000 08:06 5247017                    /usr/lib/jvm/java-8-oracle/lib/amd64/jli/libjli.so
7f855d202000-7f855d203000 rw-p 00015000 08:06 5247017                    /usr/lib/jvm/java-8-oracle/lib/amd64/jli/libjli.so
7f855d203000-7f855d21b000 r-xp 00000000 08:06 4204272                    /lib/x86_64-linux-gnu/libpthread-2.23.so
7f855d21b000-7f855d41a000 ---p 00018000 08:06 4204272                    /lib/x86_64-linux-gnu/libpthread-2.23.so
7f855d41a000-7f855d41b000 r--p 00017000 08:06 4204272                    /lib/x86_64-linux-gnu/libpthread-2.23.so
7f855d41b000-7f855d41c000 rw-p 00018000 08:06 4204272                    /lib/x86_64-linux-gnu/libpthread-2.23.so
7f855d41c000-7f855d420000 rw-p 00000000 00:00 0 
7f855d420000-7f855d446000 r-xp 00000000 08:06 4198957                    /lib/x86_64-linux-gnu/ld-2.23.so
7f855d446000-7f855d449000 r--s 00000000 08:06 4719567                    /var/cache/fontconfig/75114ca45c98e8a441da0ff356701271-le64.cache-6
7f855d449000-7f855d454000 r--s 00000000 08:06 4719566                    /var/cache/fontconfig/83bf95040141907cd45bb53cf7c1c148-le64.cache-6
7f855d454000-7f855d466000 r--s 00000000 08:06 4719565                    /var/cache/fontconfig/9b89f8e3dae116d678bbf48e5f21f69b-le64.cache-6
7f855d466000-7f855d46d000 r--s 00000000 08:06 4720736                    /var/cache/fontconfig/53d14c92082a93e67d5078324eb314ca-le64.cache-6
7f855d46d000-7f855d471000 r--s 00000000 08:06 4720735                    /var/cache/fontconfig/6c08beecf0dac481ec92e759e0c2e6d7-le64.cache-6
7f855d471000-7f855d475000 r--s 00000000 08:06 4720734                    /var/cache/fontconfig/4d6aee6d44eccb37054d3216e945f618-le64.cache-6
7f855d475000-7f855d479000 r--s 00000000 08:06 4720733                    /var/cache/fontconfig/d6c6df98c3df5faf9bd0f8ef4d91efe5-le64.cache-6
7f855d479000-7f855d47d000 r--s 00000000 08:06 4720718                    /var/cache/fontconfig/9fb319ef52839f11ee26ab8b4cffa12b-le64.cache-6
7f855d47d000-7f855d490000 r--s 00000000 08:06 4720538                    /var/cache/fontconfig/4ac51e5cfbc76fc3f983e470323a16d3-le64.cache-6
7f855d490000-7f855d4a6000 r--s 00000000 08:06 4719547                    /var/cache/fontconfig/e13b20fdb08344e0e664864cc2ede53d-le64.cache-6
7f855d4a6000-7f855d4c7000 r--s 00000000 08:06 4719592                    /var/cache/fontconfig/467c019e582ee353435ea5c21d137ef6-le64.cache-6
7f855d4c7000-7f855d50d000 r--p 00000000 08:06 5643477                    /usr/share/glib-2.0/schemas/gschemas.compiled
7f855d538000-7f855d598000 rw-s 00000000 00:05 264044569                  /SYSV00000000 (deleted)
7f855d598000-7f855d59a000 r--s 00000000 08:06 4720739                    /var/cache/fontconfig/6e6b34ae150a7ad95e82fb4a522f0bda-le64.cache-6
7f855d59a000-7f855d59b000 r--s 00000000 08:06 4720738                    /var/cache/fontconfig/3334a778d104e76d188e9df399bc24d2-le64.cache-6
7f855d59b000-7f855d59d000 r--s 00000000 08:06 4720690                    /var/cache/fontconfig/43bfe21a9e1edebcf703d79ee2950b06-le64.cache-6
7f855d59d000-7f855d5a0000 r--s 00000000 08:06 4720537                    /var/cache/fontconfig/c19b55eb3b4c5b40ea175e31682068a5-le64.cache-6
7f855d5a0000-7f855d5a1000 r--s 00000000 08:06 4720536                    /var/cache/fontconfig/c277e94e32b20404286a1ddafa5a80f0-le64.cache-6
7f855d5a1000-7f855d5a5000 r--s 00000000 08:06 4720535                    /var/cache/fontconfig/3629f2adf904f9a612908891fae71ceb-le64.cache-6
7f855d5a5000-7f855d5aa000 r--s 00000000 08:06 4719112                    /var/cache/fontconfig/7ef2298fde41cc6eeb7af42e48b7d293-le64.cache-6
7f855d5aa000-7f855d5b7000 r--s 00000000 08:06 4719549                    /var/cache/fontconfig/8f02d4cb045bd6ce15663e43f347c9f8-le64.cache-6
7f855d5cc000-7f855d5cf000 r--s 0001a000 08:06 5246786                    /usr/lib/jvm/java-8-oracle/jre/lib/jce.jar
7f855d5cf000-7f855d5d2000 ---p 00000000 00:00 0 
7f855d5d2000-7f855d61c000 rw-p 00000000 00:00 0 
7f855d61c000-7f855d623000 r--s 00000000 08:06 4850912                    /usr/lib/x86_64-linux-gnu/gconv/gconv-modules.cache
7f855d623000-7f855d627000 rw-p 00000000 00:00 0 
7f855d627000-7f855d62a000 r--s 00000000 08:06 4720534                    /var/cache/fontconfig/de83a0a961185c8bd1f159015d56c039-le64.cache-6
7f855d62a000-7f855d62c000 r--s 00000000 08:06 4719550                    /var/cache/fontconfig/16326683038b281783a0ef8c680e3a10-le64.cache-6
7f855d62c000-7f855d62d000 r--s 00000000 08:06 4719552                    /var/cache/fontconfig/e0aa53bcfa504e64f87823c16bc01eb6-le64.cache-6
7f855d62d000-7f855d633000 r--p 00000000 08:06 2637094                    /home/joao/.config/dconf/user (deleted)
7f855d633000-7f855d634000 r--s 00000000 00:2a 55                         /run/user/1000/dconf/user (deleted)
7f855d634000-7f855d639000 r--s 0009a000 08:06 5246711                    /usr/lib/jvm/java-8-oracle/jre/lib/jsse.jar
7f855d639000-7f855d641000 rw-s 00000000 08:06 6819256                    /tmp/hsperfdata_joao/30661
7f855d641000-7f855d642000 rw-p 00000000 00:00 0 
7f855d642000-7f855d643000 r--p 00000000 00:00 0 
7f855d643000-7f855d645000 rw-p 00000000 00:00 0 
7f855d645000-7f855d646000 r--p 00025000 08:06 4198957                    /lib/x86_64-linux-gnu/ld-2.23.so
7f855d646000-7f855d647000 rw-p 00026000 08:06 4198957                    /lib/x86_64-linux-gnu/ld-2.23.so
7f855d647000-7f855d648000 rw-p 00000000 00:00 0 
7ffc496a3000-7ffc496c5000 rw-p 00000000 00:00 0                          [stack]
7ffc496f8000-7ffc496fa000 r--p 00000000 00:00 0                          [vvar]
7ffc496fa000-7ffc496fc000 r-xp 00000000 00:00 0                          [vdso]
ffffffffff600000-ffffffffff601000 r-xp 00000000 00:00 0                  [vsyscall]

VM Arguments:
jvm_args: -Djdk.home=/usr/lib/jvm/java-8-oracle -Dnetbeans.default_userdir_root=/home/joao/.netbeans -Dnetbeans.running.environment=gnome -Dnetbeans.dirs=/usr/local/netbeans-8.2/nb:/usr/local/netbeans-8.2/ergonomics:/usr/local/netbeans-8.2/ide:/usr/local/netbeans-8.2/extide:/usr/local/netbeans-8.2/java:/usr/local/netbeans-8.2/apisupport:/usr/local/netbeans-8.2/webcommon:/usr/local/netbeans-8.2/websvccommon:/usr/local/netbeans-8.2/enterprise:/usr/local/netbeans-8.2/mobility:/usr/local/netbeans-8.2/profiler:/usr/local/netbeans-8.2/python:/usr/local/netbeans-8.2/php:/usr/local/netbeans-8.2/identity:/usr/local/netbeans-8.2/harness:/usr/local/netbeans-8.2/cnd:/usr/local/netbeans-8.2/cndext:/usr/local/netbeans-8.2/dlight:/usr/local/netbeans-8.2/groovy:/usr/local/netbeans-8.2/extra:/usr/local/netbeans-8.2/javacard:/usr/local/netbeans-8.2/javafx: -Dnetbeans.home=/usr/local/netbeans-8.2/platform -Dnetbeans.importclass=org.netbeans.upgrade.AutoUpgrade -Dnetbeans.accept_license_class=org.netbeans.license.AcceptLicense -Xmx1024m -Xss2m -Xms32m -Dapple.laf.useScreenMenuBar=true -Dapple.awt.graphics.UseQuartz=true -Dsun.java2d.noddraw=true -Dsun.java2d.dpiaware=true -Dsun.zip.disableMemoryMapping=true -DaddExports:java.desktop/sun.awt=ALL-UNNAMED -DaddExports:java.base/jdk.internal.jrtfs=ALL-UNNAMED -DaddExports:java.desktop/java.awt.peer=ALL-UNNAMED -DaddExports:java.desktop/com.sun.beans.editors=ALL-UNNAMED -DaddExports:java.desktop/sun.awt.im=ALL-UNNAMED -DaddExports:java.desktop/com.sun.java.swing.plaf.gtk=ALL-UNNAMED -DaddExports:java.management/sun.management=ALL-UNNAMED -XX:+HeapDumpOnOutOfMemoryError -XX:HeapDumpPath=/home/joao/.netbeans/8.2/var/log/heapdump.hprof 
java_command: org.netbeans.Main --cachedir /home/joao/.cache/netbeans/8.2 --userdir /home/joao/.netbeans/8.2 --branding nb
java_class_path (initial): /usr/local/netbeans-8.2/platform/lib/boot.jar:/usr/local/netbeans-8.2/platform/lib/org-openide-modules.jar:/usr/local/netbeans-8.2/platform/lib/org-openide-util.jar:/usr/local/netbeans-8.2/platform/lib/org-openide-util-lookup.jar:/usr/local/netbeans-8.2/platform/lib/org-openide-util-ui.jar:/usr/local/netbeans-8.2/platform/lib/locale/boot_ja.jar:/usr/local/netbeans-8.2/platform/lib/locale/boot_pt_BR.jar:/usr/local/netbeans-8.2/platform/lib/locale/boot_ru.jar:/usr/local/netbeans-8.2/platform/lib/locale/boot_zh_CN.jar:/usr/local/netbeans-8.2/platform/lib/locale/org-openide-modules_ja.jar:/usr/local/netbeans-8.2/platform/lib/locale/org-openide-modules_pt_BR.jar:/usr/local/netbeans-8.2/platform/lib/locale/org-openide-modules_ru.jar:/usr/local/netbeans-8.2/platform/lib/locale/org-openide-modules_zh_CN.jar:/usr/local/netbeans-8.2/platform/lib/locale/org-openide-util_ja.jar:/usr/local/netbeans-8.2/platform/lib/locale/org-openide-util-lookup_ja.jar:/usr/local/netbeans-8.2/platform/lib/locale/org-openide-util-lookup_pt_BR.jar:/usr/local/netbeans-8.2/platform/lib/locale/org-openide-util-lookup_ru.jar:/usr/local/netbeans-8.2/platform/lib/locale/org-openide-util-lookup_zh_CN.jar:/usr/local/netbeans-8.2/platform/lib/locale/org-openide-util_pt_BR.jar:/usr/local/netbeans-8.2/platform/lib/locale/org-openide-util_ru.jar:/usr/local/netbeans-8.2/platform/lib/locale/org-openide-util-ui_ja.jar:/usr/local/netbeans-8.2/platform/lib/locale/org-openide-util-ui_pt_BR.jar:/usr/local/netbeans-8.2/platform/lib/locale/org-openide-util-ui_ru.jar:/usr/local/netbeans-8.2/platform/lib/locale/org-openide-util-ui_zh_CN.jar:/usr/local/netbeans-8.2/platform/lib/locale/org-openide-util_zh_CN.jar:/usr/lib/jvm/java-8-oracle/lib/dt.jar:/usr/lib/jvm/java-8-oracle/lib/tools.jar
Launcher Type: SUN_STANDARD

Environment Variables:
JAVA_HOME=/usr/lib/jvm/java-8-oracle
JRE_HOME=/usr/lib/jvm/java-8-oracle/jre
PATH=/home/joao/bin:/home/joao/.local/bin:/usr/local/sbin:/usr/local/bin:/usr/sbin:/usr/bin:/sbin:/bin:/usr/games:/usr/local/games:/snap/bin:/usr/lib/jvm/java-8-oracle/bin:/usr/lib/jvm/java-8-oracle/db/bin:/usr/lib/jvm/java-8-oracle/jre/bin:/home/joao/Documents/tcc/SoftwareDevelopment:/usr/local/netbeans-8.2/bin
LD_LIBRARY_PATH=/usr/lib/jvm/java-8-oracle/jre/lib/amd64:/usr/lib/jvm/java-8-oracle/jre/lib/i386:
SHELL=/bin/bash
DISPLAY=:0

Signal Handlers:
SIGSEGV: [libjvm.so+0xac8af0], sa_mask[0]=11111111011111111101111111111110, sa_flags=SA_RESTART|SA_SIGINFO
SIGBUS: [libjvm.so+0xac8af0], sa_mask[0]=11111111011111111101111111111110, sa_flags=SA_RESTART|SA_SIGINFO
SIGFPE: [libjvm.so+0x921dd0], sa_mask[0]=11111111011111111101111111111110, sa_flags=SA_RESTART|SA_SIGINFO
SIGPIPE: SIG_IGN, sa_mask[0]=00000000000010000000000000000000, sa_flags=SA_RESTART
SIGXFSZ: [libjvm.so+0x921dd0], sa_mask[0]=11111111011111111101111111111110, sa_flags=SA_RESTART|SA_SIGINFO
SIGILL: [libjvm.so+0x921dd0], sa_mask[0]=11111111011111111101111111111110, sa_flags=SA_RESTART|SA_SIGINFO
SIGUSR1: SIG_DFL, sa_mask[0]=00000000000000000000000000000000, sa_flags=none
SIGUSR2: [libjvm.so+0x923610], sa_mask[0]=00000000000000000000000000000000, sa_flags=SA_RESTART|SA_SIGINFO
SIGHUP: SIG_IGN, sa_mask[0]=00000000000000000000000000000000, sa_flags=none
SIGINT: SIG_IGN, sa_mask[0]=00000000000000000000000000000000, sa_flags=none
SIGTERM: [libjvm.so+0x924a10], sa_mask[0]=11111111011111111101111111111110, sa_flags=SA_RESTART|SA_SIGINFO
SIGQUIT: [libjvm.so+0x924a10], sa_mask[0]=11111111011111111101111111111110, sa_flags=SA_RESTART|SA_SIGINFO


---------------  S Y S T E M  ---------------

OS:DISTRIB_ID=Ubuntu
DISTRIB_RELEASE=16.04
DISTRIB_CODENAME=xenial
DISTRIB_DESCRIPTION="Ubuntu 16.04.2 LTS"

uname:Linux 4.4.0-87-generic #110-Ubuntu SMP Tue Jul 18 12:55:35 UTC 2017 x86_64
libc:glibc 2.23 NPTL 2.23 
rlimit: STACK 8192k, CORE infinity, NPROC 63679, NOFILE 65536, AS infinity
load average:1,62 1,12 1,00

/proc/meminfo:
MemTotal:       16342572 kB
MemFree:         7981588 kB
MemAvailable:   12535656 kB
Buffers:          403752 kB
Cached:          5795124 kB
SwapCached:            0 kB
Active:          4524908 kB
Inactive:        3226704 kB
Active(anon):    1556656 kB
Inactive(anon):  1717320 kB
Active(file):    2968252 kB
Inactive(file):  1509384 kB
Unevictable:         176 kB
Mlocked:             176 kB
SwapTotal:       3905532 kB
SwapFree:        3905532 kB
Dirty:                48 kB
Writeback:             0 kB
AnonPages:       1521716 kB
Mapped:           506860 kB
Shmem:           1721644 kB
Slab:             456832 kB
SReclaimable:     413676 kB
SUnreclaim:        43156 kB
KernelStack:        8400 kB
PageTables:        24844 kB
NFS_Unstable:          0 kB
Bounce:                0 kB
WritebackTmp:          0 kB
CommitLimit:    12076816 kB
Committed_AS:    5514856 kB
VmallocTotal:   34359738367 kB
VmallocUsed:           0 kB
VmallocChunk:          0 kB
HardwareCorrupted:     0 kB
AnonHugePages:   1134592 kB
CmaTotal:              0 kB
CmaFree:               0 kB
HugePages_Total:       0
HugePages_Free:        0
HugePages_Rsvd:        0
HugePages_Surp:        0
Hugepagesize:       2048 kB
DirectMap4k:      354380 kB
DirectMap2M:    14235648 kB
DirectMap1G:     2097152 kB


CPU:total 4 (initial active 4) (2 cores per cpu, 2 threads per core) family 6 model 61 stepping 4, cmov, cx8, fxsr, mmx, sse, sse2, sse3, ssse3, sse4.1, sse4.2, popcnt, avx, avx2, aes, clmul, erms, 3dnowpref, lzcnt, ht, tsc, tscinvbit, bmi1, bmi2, adx

/proc/cpuinfo:
processor	: 0
vendor_id	: GenuineIntel
cpu family	: 6
model		: 61
model name	: Intel(R) Core(TM) i7-5500U CPU @ 2.40GHz
stepping	: 4
microcode	: 0x22
cpu MHz		: 2899.968
cache size	: 4096 KB
physical id	: 0
siblings	: 4
core id		: 0
cpu cores	: 2
apicid		: 0
initial apicid	: 0
fpu		: yes
fpu_exception	: yes
cpuid level	: 20
wp		: yes
flags		: fpu vme de pse tsc msr pae mce cx8 apic sep mtrr pge mca cmov pat pse36 clflush dts acpi mmx fxsr sse sse2 ss ht tm pbe syscall nx pdpe1gb rdtscp lm constant_tsc arch_perfmon pebs bts rep_good nopl xtopology nonstop_tsc aperfmperf eagerfpu pni pclmulqdq dtes64 monitor ds_cpl vmx est tm2 ssse3 sdbg fma cx16 xtpr pdcm pcid sse4_1 sse4_2 x2apic movbe popcnt tsc_deadline_timer aes xsave avx f16c rdrand lahf_lm abm 3dnowprefetch epb intel_pt tpr_shadow vnmi flexpriority ept vpid fsgsbase tsc_adjust bmi1 avx2 smep bmi2 erms invpcid rdseed adx smap xsaveopt dtherm ida arat pln pts
bugs		:
bogomips	: 4788.71
clflush size	: 64
cache_alignment	: 64
address sizes	: 39 bits physical, 48 bits virtual
power management:

processor	: 1
vendor_id	: GenuineIntel
cpu family	: 6
model		: 61
model name	: Intel(R) Core(TM) i7-5500U CPU @ 2.40GHz
stepping	: 4
microcode	: 0x22
cpu MHz		: 2899.968
cache size	: 4096 KB
physical id	: 0
siblings	: 4
core id		: 1
cpu cores	: 2
apicid		: 2
initial apicid	: 2
fpu		: yes
fpu_exception	: yes
cpuid level	: 20
wp		: yes
flags		: fpu vme de pse tsc msr pae mce cx8 apic sep mtrr pge mca cmov pat pse36 clflush dts acpi mmx fxsr sse sse2 ss ht tm pbe syscall nx pdpe1gb rdtscp lm constant_tsc arch_perfmon pebs bts rep_good nopl xtopology nonstop_tsc aperfmperf eagerfpu pni pclmulqdq dtes64 monitor ds_cpl vmx est tm2 ssse3 sdbg fma cx16 xtpr pdcm pcid sse4_1 sse4_2 x2apic movbe popcnt tsc_deadline_timer aes xsave avx f16c rdrand lahf_lm abm 3dnowprefetch epb intel_pt tpr_shadow vnmi flexpriority ept vpid fsgsbase tsc_adjust bmi1 avx2 smep bmi2 erms invpcid rdseed adx smap xsaveopt dtherm ida arat pln pts
bugs		:
bogomips	: 4788.71
clflush size	: 64
cache_alignment	: 64
address sizes	: 39 bits physical, 48 bits virtual
power management:

processor	: 2
vendor_id	: GenuineIntel
cpu family	: 6
model		: 61
model name	: Intel(R) Core(TM) i7-5500U CPU @ 2.40GHz
stepping	: 4
microcode	: 0x22
cpu MHz		: 2899.968
cache size	: 4096 KB
physical id	: 0
siblings	: 4
core id		: 0
cpu cores	: 2
apicid		: 1
initial apicid	: 1
fpu		: yes
fpu_exception	: yes
cpuid level	: 20
wp		: yes
flags		: fpu vme de pse tsc msr pae mce cx8 apic sep mtrr pge mca cmov pat pse36 clflush dts acpi mmx fxsr sse sse2 ss ht tm pbe syscall nx pdpe1gb rdtscp lm constant_tsc arch_perfmon pebs bts rep_good nopl xtopology nonstop_tsc aperfmperf eagerfpu pni pclmulqdq dtes64 monitor ds_cpl vmx est tm2 ssse3 sdbg fma cx16 xtpr pdcm pcid sse4_1 sse4_2 x2apic movbe popcnt tsc_deadline_timer aes xsave avx f16c rdrand lahf_lm abm 3dnowprefetch epb intel_pt tpr_shadow vnmi flexpriority ept vpid fsgsbase tsc_adjust bmi1 avx2 smep bmi2 erms invpcid rdseed adx smap xsaveopt dtherm ida arat pln pts
bugs		:
bogomips	: 4788.71
clflush size	: 64
cache_alignment	: 64
address sizes	: 39 bits physical, 48 bits virtual
power management:

processor	: 3
vendor_id	: GenuineIntel
cpu family	: 6
model		: 61
model name	: Intel(R) Core(TM) i7-5500U CPU @ 2.40GHz
stepping	: 4
microcode	: 0x22
cpu MHz		: 2899.968
cache size	: 4096 KB
physical id	: 0
siblings	: 4
core id		: 1
cpu cores	: 2
apicid		: 3
initial apicid	: 3
fpu		: yes
fpu_exception	: yes
cpuid level	: 20
wp		: yes
flags		: fpu vme de pse tsc msr pae mce cx8 apic sep mtrr pge mca cmov pat pse36 clflush dts acpi mmx fxsr sse sse2 ss ht tm pbe syscall nx pdpe1gb rdtscp lm constant_tsc arch_perfmon pebs bts rep_good nopl xtopology nonstop_tsc aperfmperf eagerfpu pni pclmulqdq dtes64 monitor ds_cpl vmx est tm2 ssse3 sdbg fma cx16 xtpr pdcm pcid sse4_1 sse4_2 x2apic movbe popcnt tsc_deadline_timer aes xsave avx f16c rdrand lahf_lm abm 3dnowprefetch epb intel_pt tpr_shadow vnmi flexpriority ept vpid fsgsbase tsc_adjust bmi1 avx2 smep bmi2 erms invpcid rdseed adx smap xsaveopt dtherm ida arat pln pts
bugs		:
bogomips	: 4788.71
clflush size	: 64
cache_alignment	: 64
address sizes	: 39 bits physical, 48 bits virtual
power management:



Memory: 4k page, physical 16342572k(7984748k free), swap 3905532k(3905532k free)

vm_info: Java HotSpot(TM) 64-Bit Server VM (25.131-b11) for linux-amd64 JRE (1.8.0_131-b11), built on Mar 15 2017 01:23:40 by "java_re" with gcc 4.3.0 20080428 (Red Hat 4.3.0-8)

time: Sat Jul 29 20:42:23 2017
elapsed time: 203 seconds (0d 0h 3m 23s)

